mysqld, Version: 5.7.27 (MySQL Community Server (GPL)). started with:
Tcp port: 3306  Unix socket: /var/run/mysqld/mysqld.sock
Time                 Id Command    Argument
2019-10-18T09:03:56.104507Z	 2907 Connect	root@172.17.0.3 on  using TCP/IP
2019-10-18T09:03:56.104740Z	 2907 Query	SELECT @@version, @@version_comment
2019-10-18T09:03:56.105044Z	 2907 Query	SET NAMES 'utf8mb4' COLLATE 'utf8mb4_general_ci'
2019-10-18T09:03:56.105208Z	 2907 Query	SET lc_messages = 'fr_FR'
2019-10-18T09:03:56.105881Z	 2908 Connect	root@172.17.0.3 on  using TCP/IP
2019-10-18T09:03:56.106183Z	 2907 Query	SELECT `SCHEMA_NAME` FROM `INFORMATION_SCHEMA`.`SCHEMATA`
2019-10-18T09:03:56.111043Z	 2907 Query	SET collation_connection = 'utf8mb4_unicode_ci'
2019-10-18T09:03:56.111298Z	 2907 Init DB	mysql
2019-10-18T09:03:56.111519Z	 2907 Query	SELECT USER()
2019-10-18T09:03:56.112646Z	 2907 Query	SELECT `CHARACTER_SET_NAME` AS `Charset`, `DESCRIPTION` AS `Description` FROM `information_schema`.`CHARACTER_SETS`
2019-10-18T09:03:56.112959Z	 2907 Query	SELECT `CHARACTER_SET_NAME` AS `Charset`, `COLLATION_NAME` AS `Collation`, `IS_DEFAULT` AS `Default` FROM `information_schema`.`COLLATIONS`
2019-10-18T09:03:56.114592Z	 2907 Query	SHOW SESSION VARIABLES LIKE 'character_set_server'
2019-10-18T09:03:56.116741Z	 2907 Query	SELECT `SCHEMA_NAME` FROM `INFORMATION_SCHEMA`.`SCHEMATA`, (SELECT DB_first_level FROM ( SELECT DISTINCT SUBSTRING_INDEX(SCHEMA_NAME, '_', 1) DB_first_level FROM INFORMATION_SCHEMA.SCHEMATA WHERE TRUE ) t ORDER BY DB_first_level ASC LIMIT 0, 100) t2 WHERE TRUE AND 1 = LOCATE(CONCAT(DB_first_level, '_'), CONCAT(SCHEMA_NAME, '_')) ORDER BY SCHEMA_NAME ASC
2019-10-18T09:03:56.120829Z	 2907 Query	SELECT COUNT(*) FROM ( SELECT DISTINCT SUBSTRING_INDEX(SCHEMA_NAME, '_', 1) DB_first_level FROM INFORMATION_SCHEMA.SCHEMATA WHERE TRUE ) t
2019-10-18T09:03:56.122427Z	 2907 Query	SELECT COUNT(*) FROM ( SELECT DISTINCT SUBSTRING_INDEX(SCHEMA_NAME, '_', 1) DB_first_level FROM INFORMATION_SCHEMA.SCHEMATA WHERE TRUE ) t
2019-10-18T09:03:56.132574Z	 2908 Quit	
2019-10-18T09:03:56.132966Z	 2907 Quit	
2019-10-18T09:03:56.530326Z	 2909 Connect	root@172.17.0.3 on  using TCP/IP
2019-10-18T09:03:56.530530Z	 2909 Query	SELECT @@version, @@version_comment
2019-10-18T09:03:56.530753Z	 2909 Query	SET NAMES 'utf8mb4' COLLATE 'utf8mb4_general_ci'
2019-10-18T09:03:56.530885Z	 2909 Query	SET lc_messages = 'fr_FR'
2019-10-18T09:03:56.531388Z	 2910 Connect	root@172.17.0.3 on  using TCP/IP
2019-10-18T09:03:56.531651Z	 2909 Query	SELECT `SCHEMA_NAME` FROM `INFORMATION_SCHEMA`.`SCHEMATA`
2019-10-18T09:03:56.533997Z	 2909 Query	SET collation_connection = 'utf8mb4_unicode_ci'
2019-10-18T09:03:56.535684Z	 2910 Quit	
2019-10-18T09:03:56.535779Z	 2909 Quit	
2019-10-18T09:03:56.567303Z	 2911 Connect	root@172.17.0.3 on  using TCP/IP
2019-10-18T09:03:56.567555Z	 2911 Query	SELECT @@version, @@version_comment
2019-10-18T09:03:56.567793Z	 2911 Query	SET NAMES 'utf8mb4' COLLATE 'utf8mb4_general_ci'
2019-10-18T09:03:56.567922Z	 2911 Query	SET lc_messages = 'fr_FR'
2019-10-18T09:03:56.568487Z	 2912 Connect	root@172.17.0.3 on  using TCP/IP
2019-10-18T09:03:56.568816Z	 2911 Query	SELECT `SCHEMA_NAME` FROM `INFORMATION_SCHEMA`.`SCHEMATA`
2019-10-18T09:03:56.571366Z	 2911 Query	SET collation_connection = 'utf8mb4_unicode_ci'
2019-10-18T09:03:56.571801Z	 2911 Query	SELECT `SCHEMA_NAME` FROM `INFORMATION_SCHEMA`.`SCHEMATA`, (SELECT DB_first_level FROM ( SELECT DISTINCT SUBSTRING_INDEX(SCHEMA_NAME, '_', 1) DB_first_level FROM INFORMATION_SCHEMA.SCHEMATA WHERE TRUE ) t ORDER BY DB_first_level ASC LIMIT 0, 100) t2 WHERE TRUE AND 1 = LOCATE(CONCAT(DB_first_level, '_'), CONCAT(SCHEMA_NAME, '_')) ORDER BY SCHEMA_NAME ASC
2019-10-18T09:03:56.574681Z	 2911 Query	SELECT COUNT(*) FROM `INFORMATION_SCHEMA`.`TABLES` WHERE `TABLE_SCHEMA`='Qamphiv2' AND `TABLE_TYPE`IN('BASE TABLE', 'SYSTEM VERSIONED')
2019-10-18T09:03:56.578244Z	 2911 Query	SELECT COUNT(*) FROM `INFORMATION_SCHEMA`.`TABLES` WHERE `TABLE_SCHEMA`='Qamphiv2' AND `TABLE_TYPE`NOT IN('BASE TABLE', 'SYSTEM VERSIONED')
2019-10-18T09:03:56.579995Z	 2911 Query	SELECT @@lower_case_table_names
2019-10-18T09:03:56.580720Z	 2911 Query	SELECT COUNT(*) FROM `INFORMATION_SCHEMA`.`ROUTINES` WHERE `ROUTINE_SCHEMA` COLLATE utf8_bin='Qamphiv2' AND `ROUTINE_TYPE`='FUNCTION'
2019-10-18T09:03:56.583865Z	 2911 Query	SELECT COUNT(*) FROM `INFORMATION_SCHEMA`.`ROUTINES` WHERE `ROUTINE_SCHEMA` COLLATE utf8_bin='Qamphiv2'AND `ROUTINE_TYPE`='PROCEDURE'
2019-10-18T09:03:56.585559Z	 2911 Query	SELECT COUNT(*) FROM `INFORMATION_SCHEMA`.`EVENTS` WHERE `EVENT_SCHEMA` COLLATE utf8_bin='Qamphiv2'
2019-10-18T09:03:56.587058Z	 2911 Query	SELECT `TABLE_NAME` AS `name` FROM `INFORMATION_SCHEMA`.`TABLES` WHERE `TABLE_SCHEMA`='Qamphiv2' AND `TABLE_TYPE`IN('BASE TABLE', 'SYSTEM VERSIONED') ORDER BY `TABLE_NAME` ASC LIMIT 0, 50
2019-10-18T09:03:56.588584Z	 2911 Query	SELECT COUNT(*) FROM ( SELECT DISTINCT SUBSTRING_INDEX(SCHEMA_NAME, '_', 1) DB_first_level FROM INFORMATION_SCHEMA.SCHEMATA WHERE TRUE ) t
2019-10-18T09:03:56.589880Z	 2911 Query	SELECT COUNT(*) FROM ( SELECT DISTINCT SUBSTRING_INDEX(SCHEMA_NAME, '_', 1) DB_first_level FROM INFORMATION_SCHEMA.SCHEMATA WHERE TRUE ) t
2019-10-18T09:03:56.591550Z	 2911 Query	SELECT COUNT(*) FROM `INFORMATION_SCHEMA`.`TABLES` WHERE `TABLE_SCHEMA`='Qamphiv2' AND `TABLE_TYPE`IN('BASE TABLE', 'SYSTEM VERSIONED')
2019-10-18T09:03:56.593388Z	 2911 Query	SELECT COUNT(*) FROM `INFORMATION_SCHEMA`.`TABLES` WHERE `TABLE_SCHEMA`='Qamphiv2' AND `TABLE_TYPE`IN('BASE TABLE', 'SYSTEM VERSIONED')
2019-10-18T09:03:56.596614Z	 2911 Quit	
2019-10-18T09:03:56.597960Z	 2912 Quit	
2019-10-18T09:03:56.600791Z	 2913 Connect	root@172.17.0.3 on  using TCP/IP
2019-10-18T09:03:56.600943Z	 2913 Query	SELECT @@version, @@version_comment
2019-10-18T09:03:56.601135Z	 2913 Query	SET NAMES 'utf8mb4' COLLATE 'utf8mb4_general_ci'
2019-10-18T09:03:56.601250Z	 2913 Query	SET lc_messages = 'fr_FR'
2019-10-18T09:03:56.601684Z	 2914 Connect	root@172.17.0.3 on  using TCP/IP
2019-10-18T09:03:56.601933Z	 2913 Query	SELECT `SCHEMA_NAME` FROM `INFORMATION_SCHEMA`.`SCHEMATA`
2019-10-18T09:03:56.604105Z	 2913 Query	SET collation_connection = 'utf8mb4_unicode_ci'
2019-10-18T09:03:56.605839Z	 2914 Quit	
2019-10-18T09:03:56.605929Z	 2913 Quit	
2019-10-18T09:03:56.648251Z	 2915 Connect	root@172.17.0.3 on  using TCP/IP
2019-10-18T09:03:56.648484Z	 2915 Query	SELECT @@version, @@version_comment
2019-10-18T09:03:56.648820Z	 2915 Query	SET NAMES 'utf8mb4' COLLATE 'utf8mb4_general_ci'
2019-10-18T09:03:56.648989Z	 2915 Query	SET lc_messages = 'fr_FR'
2019-10-18T09:03:56.649489Z	 2916 Connect	root@172.17.0.3 on  using TCP/IP
2019-10-18T09:03:56.649733Z	 2915 Query	SELECT `SCHEMA_NAME` FROM `INFORMATION_SCHEMA`.`SCHEMATA`
2019-10-18T09:03:56.651950Z	 2915 Query	SET collation_connection = 'utf8mb4_unicode_ci'
2019-10-18T09:03:56.653571Z	 2916 Quit	
2019-10-18T09:03:56.653691Z	 2915 Quit	
2019-10-18T09:03:56.674646Z	 2917 Connect	root@172.17.0.3 on  using TCP/IP
2019-10-18T09:03:56.674885Z	 2917 Query	SELECT @@version, @@version_comment
2019-10-18T09:03:56.675113Z	 2917 Query	SET NAMES 'utf8mb4' COLLATE 'utf8mb4_general_ci'
2019-10-18T09:03:56.675290Z	 2917 Query	SET lc_messages = 'fr_FR'
2019-10-18T09:03:56.677346Z	 2918 Connect	root@172.17.0.3 on  using TCP/IP
2019-10-18T09:03:56.678426Z	 2917 Query	SELECT `SCHEMA_NAME` FROM `INFORMATION_SCHEMA`.`SCHEMATA`
2019-10-18T09:03:56.681823Z	 2917 Query	SET collation_connection = 'utf8mb4_unicode_ci'
2019-10-18T09:03:56.682235Z	 2918 Quit	
2019-10-18T09:03:56.682372Z	 2917 Quit	
2019-10-18T09:04:00.555051Z	 2919 Connect	root@172.17.0.3 on  using TCP/IP
2019-10-18T09:04:00.555241Z	 2919 Query	SELECT @@version, @@version_comment
2019-10-18T09:04:00.555463Z	 2919 Query	SET NAMES 'utf8mb4' COLLATE 'utf8mb4_general_ci'
2019-10-18T09:04:00.555587Z	 2919 Query	SET lc_messages = 'fr_FR'
2019-10-18T09:04:00.556244Z	 2920 Connect	root@172.17.0.3 on  using TCP/IP
2019-10-18T09:04:00.556448Z	 2920 Query	SHOW TABLES FROM `Qamphiv2`
2019-10-18T09:04:00.559971Z	 2919 Query	SELECT `SCHEMA_NAME` FROM `INFORMATION_SCHEMA`.`SCHEMATA`
2019-10-18T09:04:00.564060Z	 2919 Query	SET collation_connection = 'utf8mb4_unicode_ci'
2019-10-18T09:04:00.564361Z	 2919 Init DB	Qamphiv2
2019-10-18T09:04:00.564720Z	 2919 Query	SHOW TABLES FROM `Qamphiv2`
2019-10-18T09:04:00.566691Z	 2919 Query	SELECT @@lower_case_table_names
2019-10-18T09:04:00.566922Z	 2919 Query	SELECT *,
                `TABLE_SCHEMA`       AS `Db`,
                `TABLE_NAME`         AS `Name`,
                `TABLE_TYPE`         AS `TABLE_TYPE`,
                `ENGINE`             AS `Engine`,
                `ENGINE`             AS `Type`,
                `VERSION`            AS `Version`,
                `ROW_FORMAT`         AS `Row_format`,
                `TABLE_ROWS`         AS `Rows`,
                `AVG_ROW_LENGTH`     AS `Avg_row_length`,
                `DATA_LENGTH`        AS `Data_length`,
                `MAX_DATA_LENGTH`    AS `Max_data_length`,
                `INDEX_LENGTH`       AS `Index_length`,
                `DATA_FREE`          AS `Data_free`,
                `AUTO_INCREMENT`     AS `Auto_increment`,
                `CREATE_TIME`        AS `Create_time`,
                `UPDATE_TIME`        AS `Update_time`,
                `CHECK_TIME`         AS `Check_time`,
                `TABLE_COLLATION`    AS `Collation`,
                `CHECKSUM`           AS `Checksum`,
                `CREATE_OPTIONS`     AS `Create_options`,
                `TABLE_COMMENT`      AS `Comment`
            FROM `information_schema`.`TABLES` t
            WHERE `TABLE_SCHEMA` COLLATE utf8_bin
                IN ('Qamphiv2')
                 ORDER BY Name ASC LIMIT 250 OFFSET 0
2019-10-18T09:04:00.579564Z	 2919 Query	SHOW MASTER STATUS
2019-10-18T09:04:00.579738Z	 2919 Query	SHOW SLAVE STATUS
2019-10-18T09:04:00.582940Z	 2919 Query	SELECT COUNT(*) FROM `Qamphiv2`.`propositions`
2019-10-18T09:04:00.583375Z	 2919 Query	SELECT COUNT(*) FROM `Qamphiv2`.`questions`
2019-10-18T09:04:00.583739Z	 2919 Query	SELECT COUNT(*) FROM `Qamphiv2`.`reponses`
2019-10-18T09:04:00.584104Z	 2919 Query	SELECT COUNT(*) FROM `Qamphiv2`.`sessions`
2019-10-18T09:04:00.584587Z	 2919 Query	SELECT DEFAULT_COLLATION_NAME FROM information_schema.SCHEMATA WHERE SCHEMA_NAME = 'Qamphiv2' LIMIT 1
2019-10-18T09:04:00.586037Z	 2919 Query	SELECT @@default_storage_engine
2019-10-18T09:04:00.586567Z	 2919 Query	SHOW TABLES FROM `Qamphiv2`
2019-10-18T09:04:00.588450Z	 2919 Query	SELECT `PRIVILEGE_TYPE` FROM `INFORMATION_SCHEMA`.`USER_PRIVILEGES` WHERE GRANTEE='''root''@''%''' AND PRIVILEGE_TYPE='EVENT'
2019-10-18T09:04:00.588723Z	 2919 Query	SELECT `PRIVILEGE_TYPE` FROM `INFORMATION_SCHEMA`.`USER_PRIVILEGES` WHERE GRANTEE='''root''@''%''' AND PRIVILEGE_TYPE='TRIGGER'
2019-10-18T09:04:00.589239Z	 2919 Query	SHOW TABLES FROM `Qamphiv2`
2019-10-18T09:04:00.590908Z	 2919 Query	SELECT `PRIVILEGE_TYPE` FROM `INFORMATION_SCHEMA`.`USER_PRIVILEGES` WHERE GRANTEE='''root''@''%''' AND PRIVILEGE_TYPE='EVENT'
2019-10-18T09:04:00.591164Z	 2919 Query	SELECT `PRIVILEGE_TYPE` FROM `INFORMATION_SCHEMA`.`USER_PRIVILEGES` WHERE GRANTEE='''root''@''%''' AND PRIVILEGE_TYPE='TRIGGER'
2019-10-18T09:04:00.593553Z	 2920 Quit	
2019-10-18T09:04:00.593707Z	 2919 Quit	
2019-10-18T09:04:44.854607Z	 2921 Connect	root@172.17.0.3 on  using TCP/IP
2019-10-18T09:04:44.854802Z	 2921 Query	SELECT @@version, @@version_comment
2019-10-18T09:04:44.855022Z	 2921 Query	SET NAMES 'utf8mb4' COLLATE 'utf8mb4_general_ci'
2019-10-18T09:04:44.855206Z	 2921 Query	SET lc_messages = 'fr_FR'
2019-10-18T09:04:44.855794Z	 2922 Connect	root@172.17.0.3 on  using TCP/IP
2019-10-18T09:04:44.856011Z	 2922 Query	SHOW TABLES FROM `Qamphiv2`
2019-10-18T09:04:44.860188Z	 2921 Query	SELECT `SCHEMA_NAME` FROM `INFORMATION_SCHEMA`.`SCHEMATA`
2019-10-18T09:04:44.865526Z	 2921 Query	SET collation_connection = 'utf8mb4_unicode_ci'
2019-10-18T09:04:44.869676Z	 2921 Query	SHOW SESSION VARIABLES LIKE 'FOREIGN_KEY_CHECKS'
2019-10-18T09:04:44.871057Z	 2921 Query	SELECT DATABASE()
2019-10-18T09:04:44.871303Z	 2921 Init DB	Qamphiv2
2019-10-18T09:04:44.871577Z	 2921 Query	SELECT * FROM `sessions` LIMIT 0, 25
2019-10-18T09:04:44.871973Z	 2921 Query	SHOW WARNINGS
2019-10-18T09:04:44.872235Z	 2921 Query	SELECT @@lower_case_table_names
2019-10-18T09:04:44.872443Z	 2921 Query	SELECT TABLE_NAME
            FROM information_schema.VIEWS
            WHERE TABLE_SCHEMA = 'Qamphiv2'
                AND TABLE_NAME = 'sessions'
                AND IS_UPDATABLE = 'YES'
2019-10-18T09:04:44.873201Z	 2921 Query	SHOW  COLUMNS FROM `Qamphiv2`.`sessions`
2019-10-18T09:04:44.873603Z	 2921 Query	SHOW INDEXES FROM `Qamphiv2`.`sessions`
2019-10-18T09:04:44.873984Z	 2921 Query	SELECT TABLE_NAME
            FROM information_schema.VIEWS
            WHERE TABLE_SCHEMA = 'Qamphiv2'
                AND TABLE_NAME = 'sessions'
2019-10-18T09:04:44.874934Z	 2921 Query	SHOW CREATE TABLE `Qamphiv2`.`sessions`
2019-10-18T09:04:44.876941Z	 2921 Query	SELECT TABLE_NAME
            FROM information_schema.VIEWS
            WHERE TABLE_SCHEMA = 'Qamphiv2'
                AND TABLE_NAME = 'sessions'
2019-10-18T09:04:44.877898Z	 2921 Query	SELECT TABLE_NAME
            FROM information_schema.VIEWS
            WHERE TABLE_SCHEMA = 'Qamphiv2'
                AND TABLE_NAME = 'sessions'
2019-10-18T09:04:44.878527Z	 2921 Query	SELECT TABLE_NAME
            FROM information_schema.VIEWS
            WHERE TABLE_SCHEMA = 'Qamphiv2'
                AND TABLE_NAME = 'sessions'
2019-10-18T09:04:44.878964Z	 2921 Query	SELECT *,
                `TABLE_SCHEMA`       AS `Db`,
                `TABLE_NAME`         AS `Name`,
                `TABLE_TYPE`         AS `TABLE_TYPE`,
                `ENGINE`             AS `Engine`,
                `ENGINE`             AS `Type`,
                `VERSION`            AS `Version`,
                `ROW_FORMAT`         AS `Row_format`,
                `TABLE_ROWS`         AS `Rows`,
                `AVG_ROW_LENGTH`     AS `Avg_row_length`,
                `DATA_LENGTH`        AS `Data_length`,
                `MAX_DATA_LENGTH`    AS `Max_data_length`,
                `INDEX_LENGTH`       AS `Index_length`,
                `DATA_FREE`          AS `Data_free`,
                `AUTO_INCREMENT`     AS `Auto_increment`,
                `CREATE_TIME`        AS `Create_time`,
                `UPDATE_TIME`        AS `Update_time`,
                `CHECK_TIME`         AS `Check_time`,
                `TABLE_COLLATION`    AS `Collation`,
                `CHECKSUM`           AS `Checksum`,
                `CREATE_OPTIONS`     AS `Create_options`,
                `TABLE_COMMENT`      AS `Comment`
            FROM `information_schema`.`TABLES` t
            WHERE `TABLE_SCHEMA` COLLATE utf8_bin
                IN ('Qamphiv2')
                AND t.`TABLE_NAME` COLLATE utf8_bin = 'sessions' ORDER BY Name ASC
2019-10-18T09:04:44.895443Z	 2921 Query	SHOW FULL COLUMNS FROM `Qamphiv2`.`sessions`
2019-10-18T09:04:44.897245Z	 2921 Query	SHOW SESSION VARIABLES LIKE 'FOREIGN_KEY_CHECKS'
2019-10-18T09:04:44.898298Z	 2921 Query	SHOW  COLUMNS FROM `Qamphiv2`.`sessions`
2019-10-18T09:04:44.898756Z	 2921 Query	SELECT `PRIVILEGE_TYPE` FROM `INFORMATION_SCHEMA`.`USER_PRIVILEGES` WHERE GRANTEE='''root''@''%''' AND PRIVILEGE_TYPE='TRIGGER'
2019-10-18T09:04:44.899335Z	 2921 Query	SELECT `PRIVILEGE_TYPE` FROM `INFORMATION_SCHEMA`.`USER_PRIVILEGES` WHERE GRANTEE='''root''@''%''' AND PRIVILEGE_TYPE='TRIGGER'
2019-10-18T09:04:44.901078Z	 2921 Quit	
2019-10-18T09:04:44.901085Z	 2922 Quit	
2019-10-18T09:04:45.023924Z	 2923 Connect	root@172.17.0.3 on  using TCP/IP
2019-10-18T09:04:45.024109Z	 2923 Query	SELECT @@version, @@version_comment
2019-10-18T09:04:45.024398Z	 2923 Query	SET NAMES 'utf8mb4' COLLATE 'utf8mb4_general_ci'
2019-10-18T09:04:45.024509Z	 2923 Query	SET lc_messages = 'fr_FR'
2019-10-18T09:04:45.028617Z	 2924 Connect	root@172.17.0.3 on  using TCP/IP
2019-10-18T09:04:45.029077Z	 2923 Query	SELECT `SCHEMA_NAME` FROM `INFORMATION_SCHEMA`.`SCHEMATA`
2019-10-18T09:04:45.032021Z	 2923 Query	SET collation_connection = 'utf8mb4_unicode_ci'
2019-10-18T09:04:45.034108Z	 2924 Quit	
2019-10-18T09:04:45.034228Z	 2923 Quit	
2019-10-18T09:04:48.690771Z	 2925 Connect	root@172.17.0.3 on  using TCP/IP
2019-10-18T09:04:48.691004Z	 2925 Query	SELECT @@version, @@version_comment
2019-10-18T09:04:48.691280Z	 2925 Query	SET NAMES 'utf8mb4' COLLATE 'utf8mb4_general_ci'
2019-10-18T09:04:48.691481Z	 2925 Query	SET lc_messages = 'fr_FR'
2019-10-18T09:04:48.693040Z	 2926 Connect	root@172.17.0.3 on  using TCP/IP
2019-10-18T09:04:48.693640Z	 2926 Query	SHOW TABLES FROM `Qamphiv2`
2019-10-18T09:04:48.697269Z	 2925 Query	SELECT `SCHEMA_NAME` FROM `INFORMATION_SCHEMA`.`SCHEMATA`
2019-10-18T09:04:48.701240Z	 2925 Query	SET collation_connection = 'utf8mb4_unicode_ci'
2019-10-18T09:04:48.705229Z	 2925 Query	SHOW SESSION VARIABLES LIKE 'FOREIGN_KEY_CHECKS'
2019-10-18T09:04:48.706369Z	 2925 Query	SELECT DATABASE()
2019-10-18T09:04:48.706578Z	 2925 Init DB	Qamphiv2
2019-10-18T09:04:48.706810Z	 2925 Query	SELECT * FROM `questions` LIMIT 0, 25
2019-10-18T09:04:48.707190Z	 2925 Query	SHOW WARNINGS
2019-10-18T09:04:48.707442Z	 2925 Query	SELECT @@lower_case_table_names
2019-10-18T09:04:48.707658Z	 2925 Query	SELECT TABLE_NAME
            FROM information_schema.VIEWS
            WHERE TABLE_SCHEMA = 'Qamphiv2'
                AND TABLE_NAME = 'questions'
                AND IS_UPDATABLE = 'YES'
2019-10-18T09:04:48.708484Z	 2925 Query	SHOW  COLUMNS FROM `Qamphiv2`.`questions`
2019-10-18T09:04:48.709570Z	 2925 Query	SHOW INDEXES FROM `Qamphiv2`.`questions`
2019-10-18T09:04:48.710174Z	 2925 Query	SELECT TABLE_NAME
            FROM information_schema.VIEWS
            WHERE TABLE_SCHEMA = 'Qamphiv2'
                AND TABLE_NAME = 'questions'
2019-10-18T09:04:48.711356Z	 2925 Query	SHOW CREATE TABLE `Qamphiv2`.`questions`
2019-10-18T09:04:48.712568Z	 2925 Query	SELECT *,
                        `COLUMN_NAME`       AS `Field`,
                        `COLUMN_TYPE`       AS `Type`,
                        `COLLATION_NAME`    AS `Collation`,
                        `IS_NULLABLE`       AS `Null`,
                        `COLUMN_KEY`        AS `Key`,
                        `COLUMN_DEFAULT`    AS `Default`,
                        `EXTRA`             AS `Extra`,
                        `PRIVILEGES`        AS `Privileges`,
                        `COLUMN_COMMENT`    AS `Comment`
                   FROM `information_schema`.`COLUMNS`
 WHERE `TABLE_SCHEMA` = 'Qamphiv2'  AND `TABLE_NAME` = 'sessions'
2019-10-18T09:04:48.713102Z	 2925 Query	SELECT TABLE_NAME
            FROM information_schema.VIEWS
            WHERE TABLE_SCHEMA = 'Qamphiv2'
                AND TABLE_NAME = 'questions'
2019-10-18T09:04:48.713410Z	 2925 Query	SELECT TABLE_NAME
            FROM information_schema.VIEWS
            WHERE TABLE_SCHEMA = 'Qamphiv2'
                AND TABLE_NAME = 'questions'
2019-10-18T09:04:48.713693Z	 2925 Query	SELECT TABLE_NAME
            FROM information_schema.VIEWS
            WHERE TABLE_SCHEMA = 'Qamphiv2'
                AND TABLE_NAME = 'questions'
2019-10-18T09:04:48.714005Z	 2925 Query	SELECT *,
                `TABLE_SCHEMA`       AS `Db`,
                `TABLE_NAME`         AS `Name`,
                `TABLE_TYPE`         AS `TABLE_TYPE`,
                `ENGINE`             AS `Engine`,
                `ENGINE`             AS `Type`,
                `VERSION`            AS `Version`,
                `ROW_FORMAT`         AS `Row_format`,
                `TABLE_ROWS`         AS `Rows`,
                `AVG_ROW_LENGTH`     AS `Avg_row_length`,
                `DATA_LENGTH`        AS `Data_length`,
                `MAX_DATA_LENGTH`    AS `Max_data_length`,
                `INDEX_LENGTH`       AS `Index_length`,
                `DATA_FREE`          AS `Data_free`,
                `AUTO_INCREMENT`     AS `Auto_increment`,
                `CREATE_TIME`        AS `Create_time`,
                `UPDATE_TIME`        AS `Update_time`,
                `CHECK_TIME`         AS `Check_time`,
                `TABLE_COLLATION`    AS `Collation`,
                `CHECKSUM`           AS `Checksum`,
                `CREATE_OPTIONS`     AS `Create_options`,
                `TABLE_COMMENT`      AS `Comment`
            FROM `information_schema`.`TABLES` t
            WHERE `TABLE_SCHEMA` COLLATE utf8_bin
                IN ('Qamphiv2')
                AND t.`TABLE_NAME` COLLATE utf8_bin = 'questions' ORDER BY Name ASC
2019-10-18T09:04:48.729512Z	 2925 Query	SHOW FULL COLUMNS FROM `Qamphiv2`.`questions`
2019-10-18T09:04:48.730542Z	 2925 Query	SELECT `title` FROM `Qamphiv2`.`sessions` WHERE `id` = 1
2019-10-18T09:04:48.731003Z	 2925 Query	SELECT `title` FROM `Qamphiv2`.`sessions` WHERE `id` = 1
2019-10-18T09:04:48.731387Z	 2925 Query	SELECT `title` FROM `Qamphiv2`.`sessions` WHERE `id` = 1
2019-10-18T09:04:48.731815Z	 2925 Query	SELECT `title` FROM `Qamphiv2`.`sessions` WHERE `id` = 9
2019-10-18T09:04:48.732185Z	 2925 Query	SELECT `title` FROM `Qamphiv2`.`sessions` WHERE `id` = 9
2019-10-18T09:04:48.732690Z	 2925 Query	SHOW SESSION VARIABLES LIKE 'FOREIGN_KEY_CHECKS'
2019-10-18T09:04:48.733660Z	 2925 Query	SHOW  COLUMNS FROM `Qamphiv2`.`questions`
2019-10-18T09:04:48.734069Z	 2925 Query	SELECT `PRIVILEGE_TYPE` FROM `INFORMATION_SCHEMA`.`USER_PRIVILEGES` WHERE GRANTEE='''root''@''%''' AND PRIVILEGE_TYPE='TRIGGER'
2019-10-18T09:04:48.734600Z	 2925 Query	SELECT `PRIVILEGE_TYPE` FROM `INFORMATION_SCHEMA`.`USER_PRIVILEGES` WHERE GRANTEE='''root''@''%''' AND PRIVILEGE_TYPE='TRIGGER'
2019-10-18T09:04:48.736441Z	 2926 Quit	
2019-10-18T09:04:48.736514Z	 2925 Quit	
2019-10-18T09:04:48.853253Z	 2927 Connect	root@172.17.0.3 on  using TCP/IP
2019-10-18T09:04:48.853637Z	 2927 Query	SELECT @@version, @@version_comment
2019-10-18T09:04:48.853835Z	 2927 Query	SET NAMES 'utf8mb4' COLLATE 'utf8mb4_general_ci'
2019-10-18T09:04:48.853970Z	 2927 Query	SET lc_messages = 'fr_FR'
2019-10-18T09:04:48.854583Z	 2928 Connect	root@172.17.0.3 on  using TCP/IP
2019-10-18T09:04:48.854944Z	 2927 Query	SELECT `SCHEMA_NAME` FROM `INFORMATION_SCHEMA`.`SCHEMATA`
2019-10-18T09:04:48.857480Z	 2927 Query	SET collation_connection = 'utf8mb4_unicode_ci'
2019-10-18T09:04:48.859861Z	 2928 Quit	
2019-10-18T09:04:48.861245Z	 2927 Quit	
2019-10-18T09:05:05.804774Z	 2929 Connect	root@172.17.0.3 on  using TCP/IP
2019-10-18T09:05:05.805122Z	 2929 Query	SELECT @@version, @@version_comment
2019-10-18T09:05:05.805380Z	 2929 Query	SET NAMES 'utf8mb4' COLLATE 'utf8mb4_general_ci'
2019-10-18T09:05:05.805568Z	 2929 Query	SET lc_messages = 'fr_FR'
2019-10-18T09:05:05.806328Z	 2930 Connect	root@172.17.0.3 on  using TCP/IP
2019-10-18T09:05:05.806561Z	 2930 Query	SHOW TABLES FROM `Qamphiv2`
2019-10-18T09:05:05.811466Z	 2929 Query	SELECT `SCHEMA_NAME` FROM `INFORMATION_SCHEMA`.`SCHEMATA`
2019-10-18T09:05:05.816002Z	 2929 Query	SET collation_connection = 'utf8mb4_unicode_ci'
2019-10-18T09:05:05.816306Z	 2929 Init DB	Qamphiv2
2019-10-18T09:05:05.816526Z	 2929 Query	SELECT @@lower_case_table_names
2019-10-18T09:05:05.816765Z	 2929 Query	SELECT *,
                `TABLE_SCHEMA`       AS `Db`,
                `TABLE_NAME`         AS `Name`,
                `TABLE_TYPE`         AS `TABLE_TYPE`,
                `ENGINE`             AS `Engine`,
                `ENGINE`             AS `Type`,
                `VERSION`            AS `Version`,
                `ROW_FORMAT`         AS `Row_format`,
                `TABLE_ROWS`         AS `Rows`,
                `AVG_ROW_LENGTH`     AS `Avg_row_length`,
                `DATA_LENGTH`        AS `Data_length`,
                `MAX_DATA_LENGTH`    AS `Max_data_length`,
                `INDEX_LENGTH`       AS `Index_length`,
                `DATA_FREE`          AS `Data_free`,
                `AUTO_INCREMENT`     AS `Auto_increment`,
                `CREATE_TIME`        AS `Create_time`,
                `UPDATE_TIME`        AS `Update_time`,
                `CHECK_TIME`         AS `Check_time`,
                `TABLE_COLLATION`    AS `Collation`,
                `CHECKSUM`           AS `Checksum`,
                `CREATE_OPTIONS`     AS `Create_options`,
                `TABLE_COMMENT`      AS `Comment`
            FROM `information_schema`.`TABLES` t
            WHERE `TABLE_SCHEMA` COLLATE utf8_bin
                IN ('Qamphiv2')
                AND t.`TABLE_NAME` COLLATE utf8_bin = 'questions' ORDER BY Name ASC
2019-10-18T09:05:05.833158Z	 2929 Query	SELECT *,
                `TABLE_SCHEMA`       AS `Db`,
                `TABLE_NAME`         AS `Name`,
                `TABLE_TYPE`         AS `TABLE_TYPE`,
                `ENGINE`             AS `Engine`,
                `ENGINE`             AS `Type`,
                `VERSION`            AS `Version`,
                `ROW_FORMAT`         AS `Row_format`,
                `TABLE_ROWS`         AS `Rows`,
                `AVG_ROW_LENGTH`     AS `Avg_row_length`,
                `DATA_LENGTH`        AS `Data_length`,
                `MAX_DATA_LENGTH`    AS `Max_data_length`,
                `INDEX_LENGTH`       AS `Index_length`,
                `DATA_FREE`          AS `Data_free`,
                `AUTO_INCREMENT`     AS `Auto_increment`,
                `CREATE_TIME`        AS `Create_time`,
                `UPDATE_TIME`        AS `Update_time`,
                `CHECK_TIME`         AS `Check_time`,
                `TABLE_COLLATION`    AS `Collation`,
                `CHECKSUM`           AS `Checksum`,
                `CREATE_OPTIONS`     AS `Create_options`,
                `TABLE_COMMENT`      AS `Comment`
            FROM `information_schema`.`TABLES` t
            WHERE `TABLE_SCHEMA` COLLATE utf8_bin
                IN ('Qamphiv2')
                AND t.`TABLE_NAME` COLLATE utf8_bin = 'questions' ORDER BY Name ASC
2019-10-18T09:05:05.850075Z	 2929 Init DB	Qamphiv2
2019-10-18T09:05:05.850304Z	 2929 Query	SHOW INDEXES FROM `Qamphiv2`.`questions`
2019-10-18T09:05:05.850634Z	 2929 Query	SHOW FULL COLUMNS FROM `Qamphiv2`.`questions`
2019-10-18T09:05:05.851382Z	 2929 Query	SHOW FULL COLUMNS FROM `Qamphiv2`.`questions`
2019-10-18T09:05:05.852201Z	 2929 Query	SHOW PLUGINS
2019-10-18T09:05:05.852641Z	 2929 Query	SELECT DISTINCT `PARTITION_NAME` FROM `information_schema`.`PARTITIONS` WHERE `TABLE_SCHEMA` = 'Qamphiv2' AND `TABLE_NAME` = 'questions'
2019-10-18T09:05:05.855157Z	 2929 Query	SHOW  COLUMNS FROM `Qamphiv2`.`questions`
2019-10-18T09:05:05.855576Z	 2929 Query	SELECT `PRIVILEGE_TYPE` FROM `INFORMATION_SCHEMA`.`USER_PRIVILEGES` WHERE GRANTEE='''root''@''%''' AND PRIVILEGE_TYPE='TRIGGER'
2019-10-18T09:05:05.856156Z	 2929 Query	SELECT `PRIVILEGE_TYPE` FROM `INFORMATION_SCHEMA`.`USER_PRIVILEGES` WHERE GRANTEE='''root''@''%''' AND PRIVILEGE_TYPE='TRIGGER'
2019-10-18T09:05:05.858045Z	 2930 Quit	
2019-10-18T09:05:05.858245Z	 2929 Quit	
2019-10-18T09:05:05.969139Z	 2931 Connect	root@172.17.0.3 on  using TCP/IP
2019-10-18T09:05:05.969392Z	 2931 Query	SELECT @@version, @@version_comment
2019-10-18T09:05:05.969671Z	 2931 Query	SET NAMES 'utf8mb4' COLLATE 'utf8mb4_general_ci'
2019-10-18T09:05:05.969830Z	 2931 Query	SET lc_messages = 'fr_FR'
2019-10-18T09:05:05.970589Z	 2932 Connect	root@172.17.0.3 on  using TCP/IP
2019-10-18T09:05:05.970897Z	 2931 Query	SELECT `SCHEMA_NAME` FROM `INFORMATION_SCHEMA`.`SCHEMATA`
2019-10-18T09:05:05.973875Z	 2931 Query	SET collation_connection = 'utf8mb4_unicode_ci'
2019-10-18T09:05:05.976587Z	 2931 Quit	
2019-10-18T09:05:05.976908Z	 2932 Quit	
2019-10-18T09:05:18.299774Z	 2933 Connect	root@172.17.0.3 on  using TCP/IP
2019-10-18T09:05:18.299963Z	 2933 Query	SELECT @@version, @@version_comment
2019-10-18T09:05:18.300224Z	 2933 Query	SET NAMES 'utf8mb4' COLLATE 'utf8mb4_general_ci'
2019-10-18T09:05:18.300432Z	 2933 Query	SET lc_messages = 'fr_FR'
2019-10-18T09:05:18.301032Z	 2934 Connect	root@172.17.0.3 on  using TCP/IP
2019-10-18T09:05:18.301273Z	 2934 Query	SHOW TABLES FROM `Qamphiv2`
2019-10-18T09:05:18.304734Z	 2933 Query	SELECT `SCHEMA_NAME` FROM `INFORMATION_SCHEMA`.`SCHEMATA`
2019-10-18T09:05:18.308260Z	 2933 Query	SET collation_connection = 'utf8mb4_unicode_ci'
2019-10-18T09:05:18.311809Z	 2933 Query	SELECT @@lower_case_table_names
2019-10-18T09:05:18.312100Z	 2933 Query	SELECT *,
                `TABLE_SCHEMA`       AS `Db`,
                `TABLE_NAME`         AS `Name`,
                `TABLE_TYPE`         AS `TABLE_TYPE`,
                `ENGINE`             AS `Engine`,
                `ENGINE`             AS `Type`,
                `VERSION`            AS `Version`,
                `ROW_FORMAT`         AS `Row_format`,
                `TABLE_ROWS`         AS `Rows`,
                `AVG_ROW_LENGTH`     AS `Avg_row_length`,
                `DATA_LENGTH`        AS `Data_length`,
                `MAX_DATA_LENGTH`    AS `Max_data_length`,
                `INDEX_LENGTH`       AS `Index_length`,
                `DATA_FREE`          AS `Data_free`,
                `AUTO_INCREMENT`     AS `Auto_increment`,
                `CREATE_TIME`        AS `Create_time`,
                `UPDATE_TIME`        AS `Update_time`,
                `CHECK_TIME`         AS `Check_time`,
                `TABLE_COLLATION`    AS `Collation`,
                `CHECKSUM`           AS `Checksum`,
                `CREATE_OPTIONS`     AS `Create_options`,
                `TABLE_COMMENT`      AS `Comment`
            FROM `information_schema`.`TABLES` t
            WHERE `TABLE_SCHEMA` COLLATE utf8_bin
                IN ('Qamphiv2')
                AND t.`TABLE_NAME` COLLATE utf8_bin = 'questions' ORDER BY Name ASC
2019-10-18T09:05:18.327676Z	 2933 Query	SHOW CREATE TABLE `Qamphiv2`.`questions`
2019-10-18T09:05:18.329789Z	 2933 Init DB	Qamphiv2
2019-10-18T09:05:18.331117Z	 2933 Query	SHOW  COLUMNS FROM `Qamphiv2`.`questions`
2019-10-18T09:05:18.332195Z	 2933 Query	SHOW INDEXES FROM `Qamphiv2`.`questions`
2019-10-18T09:05:18.335232Z	 2933 Query	SHOW INDEXES FROM `Qamphiv2`.`sessions` WHERE (Non_unique = 0)
2019-10-18T09:05:18.338744Z	 2933 Query	SHOW TABLE STATUS FROM `Qamphiv2`
2019-10-18T09:05:18.345054Z	 2933 Query	SHOW  COLUMNS FROM `Qamphiv2`.`questions`
2019-10-18T09:05:18.345557Z	 2933 Query	SELECT `PRIVILEGE_TYPE` FROM `INFORMATION_SCHEMA`.`USER_PRIVILEGES` WHERE GRANTEE='''root''@''%''' AND PRIVILEGE_TYPE='TRIGGER'
2019-10-18T09:05:18.346055Z	 2933 Query	SELECT `PRIVILEGE_TYPE` FROM `INFORMATION_SCHEMA`.`USER_PRIVILEGES` WHERE GRANTEE='''root''@''%''' AND PRIVILEGE_TYPE='TRIGGER'
2019-10-18T09:05:18.347066Z	 2934 Quit	
2019-10-18T09:05:18.347414Z	 2933 Quit	
2019-10-18T09:05:18.387009Z	 2935 Connect	root@172.17.0.3 on  using TCP/IP
2019-10-18T09:05:18.387192Z	 2935 Query	SELECT @@version, @@version_comment
2019-10-18T09:05:18.387435Z	 2935 Query	SET NAMES 'utf8mb4' COLLATE 'utf8mb4_general_ci'
2019-10-18T09:05:18.387575Z	 2935 Query	SET lc_messages = 'fr_FR'
2019-10-18T09:05:18.388071Z	 2936 Connect	root@172.17.0.3 on  using TCP/IP
2019-10-18T09:05:18.388266Z	 2935 Query	SELECT `SCHEMA_NAME` FROM `INFORMATION_SCHEMA`.`SCHEMATA`
2019-10-18T09:05:18.391099Z	 2935 Query	SET collation_connection = 'utf8mb4_unicode_ci'
2019-10-18T09:05:18.393614Z	 2936 Quit	
2019-10-18T09:05:18.394107Z	 2935 Quit	
2019-10-18T09:05:37.760373Z	 2937 Connect	root@172.17.0.3 on  using TCP/IP
2019-10-18T09:05:37.760622Z	 2937 Query	SELECT @@version, @@version_comment
2019-10-18T09:05:37.760934Z	 2937 Query	SET NAMES 'utf8mb4' COLLATE 'utf8mb4_general_ci'
2019-10-18T09:05:37.761168Z	 2937 Query	SET lc_messages = 'fr_FR'
2019-10-18T09:05:37.761841Z	 2938 Connect	root@172.17.0.3 on  using TCP/IP
2019-10-18T09:05:37.762085Z	 2938 Query	SHOW TABLES FROM `Qamphiv2`
2019-10-18T09:05:37.765127Z	 2937 Query	SELECT `SCHEMA_NAME` FROM `INFORMATION_SCHEMA`.`SCHEMATA`
2019-10-18T09:05:37.768796Z	 2937 Query	SET collation_connection = 'utf8mb4_unicode_ci'
2019-10-18T09:05:37.772369Z	 2937 Query	SHOW SESSION VARIABLES LIKE 'FOREIGN_KEY_CHECKS'
2019-10-18T09:05:37.773534Z	 2937 Query	SELECT DATABASE()
2019-10-18T09:05:37.773749Z	 2937 Init DB	Qamphiv2
2019-10-18T09:05:37.773974Z	 2937 Query	SELECT * FROM `sessions` LIMIT 0, 25
2019-10-18T09:05:37.774346Z	 2937 Query	SHOW WARNINGS
2019-10-18T09:05:37.774579Z	 2937 Query	SELECT @@lower_case_table_names
2019-10-18T09:05:37.774836Z	 2937 Query	SELECT TABLE_NAME
            FROM information_schema.VIEWS
            WHERE TABLE_SCHEMA = 'Qamphiv2'
                AND TABLE_NAME = 'sessions'
                AND IS_UPDATABLE = 'YES'
2019-10-18T09:05:37.775630Z	 2937 Query	SHOW  COLUMNS FROM `Qamphiv2`.`sessions`
2019-10-18T09:05:37.776028Z	 2937 Query	SHOW INDEXES FROM `Qamphiv2`.`sessions`
2019-10-18T09:05:37.777216Z	 2937 Query	SELECT TABLE_NAME
            FROM information_schema.VIEWS
            WHERE TABLE_SCHEMA = 'Qamphiv2'
                AND TABLE_NAME = 'sessions'
2019-10-18T09:05:37.778587Z	 2937 Query	SHOW CREATE TABLE `Qamphiv2`.`sessions`
2019-10-18T09:05:37.779816Z	 2937 Query	SELECT TABLE_NAME
            FROM information_schema.VIEWS
            WHERE TABLE_SCHEMA = 'Qamphiv2'
                AND TABLE_NAME = 'sessions'
2019-10-18T09:05:37.780224Z	 2937 Query	SELECT TABLE_NAME
            FROM information_schema.VIEWS
            WHERE TABLE_SCHEMA = 'Qamphiv2'
                AND TABLE_NAME = 'sessions'
2019-10-18T09:05:37.780529Z	 2937 Query	SELECT TABLE_NAME
            FROM information_schema.VIEWS
            WHERE TABLE_SCHEMA = 'Qamphiv2'
                AND TABLE_NAME = 'sessions'
2019-10-18T09:05:37.780851Z	 2937 Query	SELECT *,
                `TABLE_SCHEMA`       AS `Db`,
                `TABLE_NAME`         AS `Name`,
                `TABLE_TYPE`         AS `TABLE_TYPE`,
                `ENGINE`             AS `Engine`,
                `ENGINE`             AS `Type`,
                `VERSION`            AS `Version`,
                `ROW_FORMAT`         AS `Row_format`,
                `TABLE_ROWS`         AS `Rows`,
                `AVG_ROW_LENGTH`     AS `Avg_row_length`,
                `DATA_LENGTH`        AS `Data_length`,
                `MAX_DATA_LENGTH`    AS `Max_data_length`,
                `INDEX_LENGTH`       AS `Index_length`,
                `DATA_FREE`          AS `Data_free`,
                `AUTO_INCREMENT`     AS `Auto_increment`,
                `CREATE_TIME`        AS `Create_time`,
                `UPDATE_TIME`        AS `Update_time`,
                `CHECK_TIME`         AS `Check_time`,
                `TABLE_COLLATION`    AS `Collation`,
                `CHECKSUM`           AS `Checksum`,
                `CREATE_OPTIONS`     AS `Create_options`,
                `TABLE_COMMENT`      AS `Comment`
            FROM `information_schema`.`TABLES` t
            WHERE `TABLE_SCHEMA` COLLATE utf8_bin
                IN ('Qamphiv2')
                AND t.`TABLE_NAME` COLLATE utf8_bin = 'sessions' ORDER BY Name ASC
2019-10-18T09:05:37.793356Z	 2937 Query	SHOW FULL COLUMNS FROM `Qamphiv2`.`sessions`
2019-10-18T09:05:37.794965Z	 2937 Query	SHOW SESSION VARIABLES LIKE 'FOREIGN_KEY_CHECKS'
2019-10-18T09:05:37.795945Z	 2937 Query	SHOW  COLUMNS FROM `Qamphiv2`.`sessions`
2019-10-18T09:05:37.796402Z	 2937 Query	SELECT `PRIVILEGE_TYPE` FROM `INFORMATION_SCHEMA`.`USER_PRIVILEGES` WHERE GRANTEE='''root''@''%''' AND PRIVILEGE_TYPE='TRIGGER'
2019-10-18T09:05:37.796958Z	 2937 Query	SELECT `PRIVILEGE_TYPE` FROM `INFORMATION_SCHEMA`.`USER_PRIVILEGES` WHERE GRANTEE='''root''@''%''' AND PRIVILEGE_TYPE='TRIGGER'
2019-10-18T09:05:37.798587Z	 2938 Quit	
2019-10-18T09:05:37.798765Z	 2937 Quit	
2019-10-18T09:05:37.881426Z	 2939 Connect	root@172.17.0.3 on  using TCP/IP
2019-10-18T09:05:37.881648Z	 2939 Query	SELECT @@version, @@version_comment
2019-10-18T09:05:37.881883Z	 2939 Query	SET NAMES 'utf8mb4' COLLATE 'utf8mb4_general_ci'
2019-10-18T09:05:37.882059Z	 2939 Query	SET lc_messages = 'fr_FR'
2019-10-18T09:05:37.882696Z	 2940 Connect	root@172.17.0.3 on  using TCP/IP
2019-10-18T09:05:37.882956Z	 2939 Query	SELECT `SCHEMA_NAME` FROM `INFORMATION_SCHEMA`.`SCHEMATA`
2019-10-18T09:05:37.886620Z	 2939 Query	SET collation_connection = 'utf8mb4_unicode_ci'
2019-10-18T09:05:37.888630Z	 2940 Quit	
2019-10-18T09:05:37.888809Z	 2939 Quit	
2019-10-18T09:05:39.266793Z	 2941 Connect	root@172.17.0.3 on  using TCP/IP
2019-10-18T09:05:39.267009Z	 2941 Query	SELECT @@version, @@version_comment
2019-10-18T09:05:39.267251Z	 2941 Query	SET NAMES 'utf8mb4' COLLATE 'utf8mb4_general_ci'
2019-10-18T09:05:39.267452Z	 2941 Query	SET lc_messages = 'fr_FR'
2019-10-18T09:05:39.268032Z	 2942 Connect	root@172.17.0.3 on  using TCP/IP
2019-10-18T09:05:39.268261Z	 2942 Query	SHOW TABLES FROM `Qamphiv2`
2019-10-18T09:05:39.271100Z	 2941 Query	SELECT `SCHEMA_NAME` FROM `INFORMATION_SCHEMA`.`SCHEMATA`
2019-10-18T09:05:39.274098Z	 2941 Query	SET collation_connection = 'utf8mb4_unicode_ci'
2019-10-18T09:05:39.274331Z	 2941 Init DB	Qamphiv2
2019-10-18T09:05:39.274497Z	 2941 Query	SELECT @@lower_case_table_names
2019-10-18T09:05:39.274718Z	 2941 Query	SELECT *,
                `TABLE_SCHEMA`       AS `Db`,
                `TABLE_NAME`         AS `Name`,
                `TABLE_TYPE`         AS `TABLE_TYPE`,
                `ENGINE`             AS `Engine`,
                `ENGINE`             AS `Type`,
                `VERSION`            AS `Version`,
                `ROW_FORMAT`         AS `Row_format`,
                `TABLE_ROWS`         AS `Rows`,
                `AVG_ROW_LENGTH`     AS `Avg_row_length`,
                `DATA_LENGTH`        AS `Data_length`,
                `MAX_DATA_LENGTH`    AS `Max_data_length`,
                `INDEX_LENGTH`       AS `Index_length`,
                `DATA_FREE`          AS `Data_free`,
                `AUTO_INCREMENT`     AS `Auto_increment`,
                `CREATE_TIME`        AS `Create_time`,
                `UPDATE_TIME`        AS `Update_time`,
                `CHECK_TIME`         AS `Check_time`,
                `TABLE_COLLATION`    AS `Collation`,
                `CHECKSUM`           AS `Checksum`,
                `CREATE_OPTIONS`     AS `Create_options`,
                `TABLE_COMMENT`      AS `Comment`
            FROM `information_schema`.`TABLES` t
            WHERE `TABLE_SCHEMA` COLLATE utf8_bin
                IN ('Qamphiv2')
                AND t.`TABLE_NAME` COLLATE utf8_bin = 'sessions' ORDER BY Name ASC
2019-10-18T09:05:39.287311Z	 2941 Query	SELECT *,
                `TABLE_SCHEMA`       AS `Db`,
                `TABLE_NAME`         AS `Name`,
                `TABLE_TYPE`         AS `TABLE_TYPE`,
                `ENGINE`             AS `Engine`,
                `ENGINE`             AS `Type`,
                `VERSION`            AS `Version`,
                `ROW_FORMAT`         AS `Row_format`,
                `TABLE_ROWS`         AS `Rows`,
                `AVG_ROW_LENGTH`     AS `Avg_row_length`,
                `DATA_LENGTH`        AS `Data_length`,
                `MAX_DATA_LENGTH`    AS `Max_data_length`,
                `INDEX_LENGTH`       AS `Index_length`,
                `DATA_FREE`          AS `Data_free`,
                `AUTO_INCREMENT`     AS `Auto_increment`,
                `CREATE_TIME`        AS `Create_time`,
                `UPDATE_TIME`        AS `Update_time`,
                `CHECK_TIME`         AS `Check_time`,
                `TABLE_COLLATION`    AS `Collation`,
                `CHECKSUM`           AS `Checksum`,
                `CREATE_OPTIONS`     AS `Create_options`,
                `TABLE_COMMENT`      AS `Comment`
            FROM `information_schema`.`TABLES` t
            WHERE `TABLE_SCHEMA` COLLATE utf8_bin
                IN ('Qamphiv2')
                AND t.`TABLE_NAME` COLLATE utf8_bin = 'sessions' ORDER BY Name ASC
2019-10-18T09:05:39.300821Z	 2941 Init DB	Qamphiv2
2019-10-18T09:05:39.301048Z	 2941 Query	SHOW INDEXES FROM `Qamphiv2`.`sessions`
2019-10-18T09:05:39.301387Z	 2941 Query	SHOW FULL COLUMNS FROM `Qamphiv2`.`sessions`
2019-10-18T09:05:39.302154Z	 2941 Query	SHOW FULL COLUMNS FROM `Qamphiv2`.`sessions`
2019-10-18T09:05:39.302905Z	 2941 Query	SHOW PLUGINS
2019-10-18T09:05:39.303314Z	 2941 Query	SELECT DISTINCT `PARTITION_NAME` FROM `information_schema`.`PARTITIONS` WHERE `TABLE_SCHEMA` = 'Qamphiv2' AND `TABLE_NAME` = 'sessions'
2019-10-18T09:05:39.305800Z	 2941 Query	SHOW  COLUMNS FROM `Qamphiv2`.`sessions`
2019-10-18T09:05:39.306228Z	 2941 Query	SELECT `PRIVILEGE_TYPE` FROM `INFORMATION_SCHEMA`.`USER_PRIVILEGES` WHERE GRANTEE='''root''@''%''' AND PRIVILEGE_TYPE='TRIGGER'
2019-10-18T09:05:39.306787Z	 2941 Query	SELECT `PRIVILEGE_TYPE` FROM `INFORMATION_SCHEMA`.`USER_PRIVILEGES` WHERE GRANTEE='''root''@''%''' AND PRIVILEGE_TYPE='TRIGGER'
2019-10-18T09:05:39.309582Z	 2942 Quit	
2019-10-18T09:05:39.310141Z	 2941 Quit	
2019-10-18T09:05:39.367104Z	 2943 Connect	root@172.17.0.3 on  using TCP/IP
2019-10-18T09:05:39.367324Z	 2943 Query	SELECT @@version, @@version_comment
2019-10-18T09:05:39.367601Z	 2943 Query	SET NAMES 'utf8mb4' COLLATE 'utf8mb4_general_ci'
2019-10-18T09:05:39.367816Z	 2943 Query	SET lc_messages = 'fr_FR'
2019-10-18T09:05:39.368489Z	 2944 Connect	root@172.17.0.3 on  using TCP/IP
2019-10-18T09:05:39.368809Z	 2943 Query	SELECT `SCHEMA_NAME` FROM `INFORMATION_SCHEMA`.`SCHEMATA`
2019-10-18T09:05:39.371775Z	 2943 Query	SET collation_connection = 'utf8mb4_unicode_ci'
2019-10-18T09:05:39.373406Z	 2944 Quit	
2019-10-18T09:05:39.373740Z	 2943 Quit	
2019-10-18T09:05:40.538040Z	 2945 Connect	root@172.17.0.3 on  using TCP/IP
2019-10-18T09:05:40.538280Z	 2945 Query	SELECT @@version, @@version_comment
2019-10-18T09:05:40.538551Z	 2945 Query	SET NAMES 'utf8mb4' COLLATE 'utf8mb4_general_ci'
2019-10-18T09:05:40.538750Z	 2945 Query	SET lc_messages = 'fr_FR'
2019-10-18T09:05:40.539410Z	 2946 Connect	root@172.17.0.3 on  using TCP/IP
2019-10-18T09:05:40.539655Z	 2946 Query	SHOW TABLES FROM `Qamphiv2`
2019-10-18T09:05:40.542785Z	 2945 Query	SELECT `SCHEMA_NAME` FROM `INFORMATION_SCHEMA`.`SCHEMATA`
2019-10-18T09:05:40.547427Z	 2945 Query	SET collation_connection = 'utf8mb4_unicode_ci'
2019-10-18T09:05:40.547760Z	 2945 Query	SELECT @@lower_case_table_names
2019-10-18T09:05:40.548013Z	 2945 Query	SELECT *,
                `TABLE_SCHEMA`       AS `Db`,
                `TABLE_NAME`         AS `Name`,
                `TABLE_TYPE`         AS `TABLE_TYPE`,
                `ENGINE`             AS `Engine`,
                `ENGINE`             AS `Type`,
                `VERSION`            AS `Version`,
                `ROW_FORMAT`         AS `Row_format`,
                `TABLE_ROWS`         AS `Rows`,
                `AVG_ROW_LENGTH`     AS `Avg_row_length`,
                `DATA_LENGTH`        AS `Data_length`,
                `MAX_DATA_LENGTH`    AS `Max_data_length`,
                `INDEX_LENGTH`       AS `Index_length`,
                `DATA_FREE`          AS `Data_free`,
                `AUTO_INCREMENT`     AS `Auto_increment`,
                `CREATE_TIME`        AS `Create_time`,
                `UPDATE_TIME`        AS `Update_time`,
                `CHECK_TIME`         AS `Check_time`,
                `TABLE_COLLATION`    AS `Collation`,
                `CHECKSUM`           AS `Checksum`,
                `CREATE_OPTIONS`     AS `Create_options`,
                `TABLE_COMMENT`      AS `Comment`
            FROM `information_schema`.`TABLES` t
            WHERE `TABLE_SCHEMA` COLLATE utf8_bin
                IN ('Qamphiv2')
                AND t.`TABLE_NAME` COLLATE utf8_bin = 'sessions' ORDER BY Name ASC
2019-10-18T09:05:40.557723Z	 2945 Query	SHOW CREATE TABLE `Qamphiv2`.`sessions`
2019-10-18T09:05:40.559754Z	 2945 Init DB	Qamphiv2
2019-10-18T09:05:40.560983Z	 2945 Query	SHOW  COLUMNS FROM `Qamphiv2`.`sessions`
2019-10-18T09:05:40.561895Z	 2945 Query	SHOW INDEXES FROM `Qamphiv2`.`sessions`
2019-10-18T09:05:40.562761Z	 2945 Query	SHOW  COLUMNS FROM `Qamphiv2`.`sessions`
2019-10-18T09:05:40.563166Z	 2945 Query	SELECT `PRIVILEGE_TYPE` FROM `INFORMATION_SCHEMA`.`USER_PRIVILEGES` WHERE GRANTEE='''root''@''%''' AND PRIVILEGE_TYPE='TRIGGER'
2019-10-18T09:05:40.563758Z	 2945 Query	SELECT `PRIVILEGE_TYPE` FROM `INFORMATION_SCHEMA`.`USER_PRIVILEGES` WHERE GRANTEE='''root''@''%''' AND PRIVILEGE_TYPE='TRIGGER'
2019-10-18T09:05:40.564767Z	 2946 Quit	
2019-10-18T09:05:40.564921Z	 2945 Quit	
2019-10-18T09:05:40.604823Z	 2947 Connect	root@172.17.0.3 on  using TCP/IP
2019-10-18T09:05:40.605077Z	 2947 Query	SELECT @@version, @@version_comment
2019-10-18T09:05:40.605351Z	 2947 Query	SET NAMES 'utf8mb4' COLLATE 'utf8mb4_general_ci'
2019-10-18T09:05:40.605567Z	 2947 Query	SET lc_messages = 'fr_FR'
2019-10-18T09:05:40.606249Z	 2948 Connect	root@172.17.0.3 on  using TCP/IP
2019-10-18T09:05:40.606592Z	 2947 Query	SELECT `SCHEMA_NAME` FROM `INFORMATION_SCHEMA`.`SCHEMATA`
2019-10-18T09:05:40.610270Z	 2947 Query	SET collation_connection = 'utf8mb4_unicode_ci'
2019-10-18T09:05:40.612088Z	 2947 Quit	
2019-10-18T09:05:40.612210Z	 2948 Quit	
2019-10-18T09:05:48.537407Z	 2949 Connect	root@172.17.0.3 on  using TCP/IP
2019-10-18T09:05:48.537608Z	 2949 Query	SELECT @@version, @@version_comment
2019-10-18T09:05:48.537811Z	 2949 Query	SET NAMES 'utf8mb4' COLLATE 'utf8mb4_general_ci'
2019-10-18T09:05:48.538013Z	 2949 Query	SET lc_messages = 'fr_FR'
2019-10-18T09:05:48.538575Z	 2950 Connect	root@172.17.0.3 on  using TCP/IP
2019-10-18T09:05:48.538766Z	 2950 Query	SHOW TABLES FROM `Qamphiv2`
2019-10-18T09:05:48.542184Z	 2949 Query	SELECT `SCHEMA_NAME` FROM `INFORMATION_SCHEMA`.`SCHEMATA`
2019-10-18T09:05:48.549380Z	 2949 Query	SET collation_connection = 'utf8mb4_unicode_ci'
2019-10-18T09:05:48.549717Z	 2949 Query	SELECT @@lower_case_table_names
2019-10-18T09:05:48.549970Z	 2949 Query	SELECT *,
                `TABLE_SCHEMA`       AS `Db`,
                `TABLE_NAME`         AS `Name`,
                `TABLE_TYPE`         AS `TABLE_TYPE`,
                `ENGINE`             AS `Engine`,
                `ENGINE`             AS `Type`,
                `VERSION`            AS `Version`,
                `ROW_FORMAT`         AS `Row_format`,
                `TABLE_ROWS`         AS `Rows`,
                `AVG_ROW_LENGTH`     AS `Avg_row_length`,
                `DATA_LENGTH`        AS `Data_length`,
                `MAX_DATA_LENGTH`    AS `Max_data_length`,
                `INDEX_LENGTH`       AS `Index_length`,
                `DATA_FREE`          AS `Data_free`,
                `AUTO_INCREMENT`     AS `Auto_increment`,
                `CREATE_TIME`        AS `Create_time`,
                `UPDATE_TIME`        AS `Update_time`,
                `CHECK_TIME`         AS `Check_time`,
                `TABLE_COLLATION`    AS `Collation`,
                `CHECKSUM`           AS `Checksum`,
                `CREATE_OPTIONS`     AS `Create_options`,
                `TABLE_COMMENT`      AS `Comment`
            FROM `information_schema`.`TABLES` t
            WHERE `TABLE_SCHEMA` COLLATE utf8_bin
                IN ('Qamphiv2')
                AND t.`TABLE_NAME` COLLATE utf8_bin = 'sessions' ORDER BY Name ASC
2019-10-18T09:05:48.562469Z	 2949 Query	SHOW CREATE TABLE `Qamphiv2`.`sessions`
2019-10-18T09:05:48.563725Z	 2949 Init DB	Qamphiv2
2019-10-18T09:05:48.564749Z	 2949 Query	SHOW  COLUMNS FROM `Qamphiv2`.`sessions`
2019-10-18T09:05:48.565518Z	 2949 Query	SHOW INDEXES FROM `Qamphiv2`.`sessions`
2019-10-18T09:05:48.566360Z	 2949 Query	SHOW  COLUMNS FROM `Qamphiv2`.`sessions`
2019-10-18T09:05:48.566773Z	 2949 Query	SELECT `PRIVILEGE_TYPE` FROM `INFORMATION_SCHEMA`.`USER_PRIVILEGES` WHERE GRANTEE='''root''@''%''' AND PRIVILEGE_TYPE='TRIGGER'
2019-10-18T09:05:48.567326Z	 2949 Query	SELECT `PRIVILEGE_TYPE` FROM `INFORMATION_SCHEMA`.`USER_PRIVILEGES` WHERE GRANTEE='''root''@''%''' AND PRIVILEGE_TYPE='TRIGGER'
2019-10-18T09:05:48.568308Z	 2950 Quit	
2019-10-18T09:05:48.568627Z	 2949 Quit	
2019-10-18T09:05:48.600831Z	 2951 Connect	root@172.17.0.3 on  using TCP/IP
2019-10-18T09:05:48.601067Z	 2951 Query	SELECT @@version, @@version_comment
2019-10-18T09:05:48.601319Z	 2951 Query	SET NAMES 'utf8mb4' COLLATE 'utf8mb4_general_ci'
2019-10-18T09:05:48.601531Z	 2951 Query	SET lc_messages = 'fr_FR'
2019-10-18T09:05:48.602144Z	 2952 Connect	root@172.17.0.3 on  using TCP/IP
2019-10-18T09:05:48.602433Z	 2951 Query	SELECT `SCHEMA_NAME` FROM `INFORMATION_SCHEMA`.`SCHEMATA`
2019-10-18T09:05:48.605531Z	 2951 Query	SET collation_connection = 'utf8mb4_unicode_ci'
2019-10-18T09:05:48.607082Z	 2951 Quit	
2019-10-18T09:05:48.607121Z	 2952 Quit	
2019-10-18T09:05:49.816739Z	 2953 Connect	root@172.17.0.3 on  using TCP/IP
2019-10-18T09:05:49.816972Z	 2953 Query	SELECT @@version, @@version_comment
2019-10-18T09:05:49.817220Z	 2953 Query	SET NAMES 'utf8mb4' COLLATE 'utf8mb4_general_ci'
2019-10-18T09:05:49.817423Z	 2953 Query	SET lc_messages = 'fr_FR'
2019-10-18T09:05:49.817996Z	 2954 Connect	root@172.17.0.3 on  using TCP/IP
2019-10-18T09:05:49.818216Z	 2954 Query	SHOW TABLES FROM `Qamphiv2`
2019-10-18T09:05:49.821119Z	 2953 Query	SELECT `SCHEMA_NAME` FROM `INFORMATION_SCHEMA`.`SCHEMATA`
2019-10-18T09:05:49.824114Z	 2953 Query	SET collation_connection = 'utf8mb4_unicode_ci'
2019-10-18T09:05:49.824451Z	 2953 Query	SELECT @@lower_case_table_names
2019-10-18T09:05:49.824733Z	 2953 Query	SELECT *,
                `TABLE_SCHEMA`       AS `Db`,
                `TABLE_NAME`         AS `Name`,
                `TABLE_TYPE`         AS `TABLE_TYPE`,
                `ENGINE`             AS `Engine`,
                `ENGINE`             AS `Type`,
                `VERSION`            AS `Version`,
                `ROW_FORMAT`         AS `Row_format`,
                `TABLE_ROWS`         AS `Rows`,
                `AVG_ROW_LENGTH`     AS `Avg_row_length`,
                `DATA_LENGTH`        AS `Data_length`,
                `MAX_DATA_LENGTH`    AS `Max_data_length`,
                `INDEX_LENGTH`       AS `Index_length`,
                `DATA_FREE`          AS `Data_free`,
                `AUTO_INCREMENT`     AS `Auto_increment`,
                `CREATE_TIME`        AS `Create_time`,
                `UPDATE_TIME`        AS `Update_time`,
                `CHECK_TIME`         AS `Check_time`,
                `TABLE_COLLATION`    AS `Collation`,
                `CHECKSUM`           AS `Checksum`,
                `CREATE_OPTIONS`     AS `Create_options`,
                `TABLE_COMMENT`      AS `Comment`
            FROM `information_schema`.`TABLES` t
            WHERE `TABLE_SCHEMA` COLLATE utf8_bin
                IN ('Qamphiv2')
                AND t.`TABLE_NAME` COLLATE utf8_bin = 'sessions' ORDER BY Name ASC
2019-10-18T09:05:49.840472Z	 2953 Query	SHOW CREATE TABLE `Qamphiv2`.`sessions`
2019-10-18T09:05:49.842300Z	 2953 Init DB	Qamphiv2
2019-10-18T09:05:49.843660Z	 2953 Query	SHOW  COLUMNS FROM `Qamphiv2`.`sessions`
2019-10-18T09:05:49.844507Z	 2953 Query	SHOW INDEXES FROM `Qamphiv2`.`sessions`
2019-10-18T09:05:49.845262Z	 2953 Query	SHOW  COLUMNS FROM `Qamphiv2`.`sessions`
2019-10-18T09:05:49.845650Z	 2953 Query	SELECT `PRIVILEGE_TYPE` FROM `INFORMATION_SCHEMA`.`USER_PRIVILEGES` WHERE GRANTEE='''root''@''%''' AND PRIVILEGE_TYPE='TRIGGER'
2019-10-18T09:05:49.846189Z	 2953 Query	SELECT `PRIVILEGE_TYPE` FROM `INFORMATION_SCHEMA`.`USER_PRIVILEGES` WHERE GRANTEE='''root''@''%''' AND PRIVILEGE_TYPE='TRIGGER'
2019-10-18T09:05:49.847100Z	 2954 Quit	
2019-10-18T09:05:49.847172Z	 2953 Quit	
2019-10-18T09:05:49.882138Z	 2955 Connect	root@172.17.0.3 on  using TCP/IP
2019-10-18T09:05:49.882380Z	 2955 Query	SELECT @@version, @@version_comment
2019-10-18T09:05:49.882681Z	 2955 Query	SET NAMES 'utf8mb4' COLLATE 'utf8mb4_general_ci'
2019-10-18T09:05:49.882901Z	 2955 Query	SET lc_messages = 'fr_FR'
2019-10-18T09:05:49.883588Z	 2956 Connect	root@172.17.0.3 on  using TCP/IP
2019-10-18T09:05:49.883895Z	 2955 Query	SELECT `SCHEMA_NAME` FROM `INFORMATION_SCHEMA`.`SCHEMATA`
2019-10-18T09:05:49.886989Z	 2955 Query	SET collation_connection = 'utf8mb4_unicode_ci'
2019-10-18T09:05:49.888934Z	 2955 Quit	
2019-10-18T09:05:49.889115Z	 2956 Quit	
2019-10-18T09:05:51.977078Z	 2957 Connect	root@172.17.0.3 on  using TCP/IP
2019-10-18T09:05:51.977392Z	 2957 Query	SELECT @@version, @@version_comment
2019-10-18T09:05:51.977679Z	 2957 Query	SET NAMES 'utf8mb4' COLLATE 'utf8mb4_general_ci'
2019-10-18T09:05:51.977885Z	 2957 Query	SET lc_messages = 'fr_FR'
2019-10-18T09:05:51.978608Z	 2958 Connect	root@172.17.0.3 on  using TCP/IP
2019-10-18T09:05:51.978850Z	 2958 Query	SHOW TABLES FROM `Qamphiv2`
2019-10-18T09:05:51.982375Z	 2957 Query	SELECT `SCHEMA_NAME` FROM `INFORMATION_SCHEMA`.`SCHEMATA`
2019-10-18T09:05:51.986747Z	 2957 Query	SET collation_connection = 'utf8mb4_unicode_ci'
2019-10-18T09:05:51.990014Z	 2957 Query	SHOW SESSION VARIABLES LIKE 'FOREIGN_KEY_CHECKS'
2019-10-18T09:05:51.991132Z	 2957 Query	SELECT DATABASE()
2019-10-18T09:05:51.991361Z	 2957 Init DB	Qamphiv2
2019-10-18T09:05:51.991677Z	 2957 Query	SELECT * FROM `reponses` LIMIT 0, 25
2019-10-18T09:05:51.993015Z	 2957 Query	SHOW WARNINGS
2019-10-18T09:05:51.993366Z	 2957 Query	SELECT @@lower_case_table_names
2019-10-18T09:05:51.993770Z	 2957 Query	SELECT TABLE_NAME
            FROM information_schema.VIEWS
            WHERE TABLE_SCHEMA = 'Qamphiv2'
                AND TABLE_NAME = 'reponses'
                AND IS_UPDATABLE = 'YES'
2019-10-18T09:05:51.995751Z	 2957 Query	SHOW  COLUMNS FROM `Qamphiv2`.`reponses`
2019-10-18T09:05:51.996853Z	 2957 Query	SHOW INDEXES FROM `Qamphiv2`.`reponses`
2019-10-18T09:05:51.997295Z	 2957 Query	SELECT TABLE_NAME
            FROM information_schema.VIEWS
            WHERE TABLE_SCHEMA = 'Qamphiv2'
                AND TABLE_NAME = 'reponses'
2019-10-18T09:05:51.998095Z	 2957 Query	SHOW CREATE TABLE `Qamphiv2`.`reponses`
2019-10-18T09:05:51.999267Z	 2957 Query	SELECT *,
                        `COLUMN_NAME`       AS `Field`,
                        `COLUMN_TYPE`       AS `Type`,
                        `COLLATION_NAME`    AS `Collation`,
                        `IS_NULLABLE`       AS `Null`,
                        `COLUMN_KEY`        AS `Key`,
                        `COLUMN_DEFAULT`    AS `Default`,
                        `EXTRA`             AS `Extra`,
                        `PRIVILEGES`        AS `Privileges`,
                        `COLUMN_COMMENT`    AS `Comment`
                   FROM `information_schema`.`COLUMNS`
 WHERE `TABLE_SCHEMA` = 'Qamphiv2'  AND `TABLE_NAME` = 'questions'
2019-10-18T09:05:51.999688Z	 2957 Query	SELECT TABLE_NAME
            FROM information_schema.VIEWS
            WHERE TABLE_SCHEMA = 'Qamphiv2'
                AND TABLE_NAME = 'reponses'
2019-10-18T09:05:51.999980Z	 2957 Query	SELECT TABLE_NAME
            FROM information_schema.VIEWS
            WHERE TABLE_SCHEMA = 'Qamphiv2'
                AND TABLE_NAME = 'reponses'
2019-10-18T09:05:52.000274Z	 2957 Query	SELECT TABLE_NAME
            FROM information_schema.VIEWS
            WHERE TABLE_SCHEMA = 'Qamphiv2'
                AND TABLE_NAME = 'reponses'
2019-10-18T09:05:52.000594Z	 2957 Query	SELECT *,
                `TABLE_SCHEMA`       AS `Db`,
                `TABLE_NAME`         AS `Name`,
                `TABLE_TYPE`         AS `TABLE_TYPE`,
                `ENGINE`             AS `Engine`,
                `ENGINE`             AS `Type`,
                `VERSION`            AS `Version`,
                `ROW_FORMAT`         AS `Row_format`,
                `TABLE_ROWS`         AS `Rows`,
                `AVG_ROW_LENGTH`     AS `Avg_row_length`,
                `DATA_LENGTH`        AS `Data_length`,
                `MAX_DATA_LENGTH`    AS `Max_data_length`,
                `INDEX_LENGTH`       AS `Index_length`,
                `DATA_FREE`          AS `Data_free`,
                `AUTO_INCREMENT`     AS `Auto_increment`,
                `CREATE_TIME`        AS `Create_time`,
                `UPDATE_TIME`        AS `Update_time`,
                `CHECK_TIME`         AS `Check_time`,
                `TABLE_COLLATION`    AS `Collation`,
                `CHECKSUM`           AS `Checksum`,
                `CREATE_OPTIONS`     AS `Create_options`,
                `TABLE_COMMENT`      AS `Comment`
            FROM `information_schema`.`TABLES` t
            WHERE `TABLE_SCHEMA` COLLATE utf8_bin
                IN ('Qamphiv2')
                AND t.`TABLE_NAME` COLLATE utf8_bin = 'reponses' ORDER BY Name ASC
2019-10-18T09:05:52.015753Z	 2957 Query	SHOW FULL COLUMNS FROM `Qamphiv2`.`reponses`
2019-10-18T09:05:52.016590Z	 2957 Query	SELECT `q_text` FROM `Qamphiv2`.`questions` WHERE `id` = 1
2019-10-18T09:05:52.017017Z	 2957 Query	SELECT `q_text` FROM `Qamphiv2`.`questions` WHERE `id` = 3
2019-10-18T09:05:52.017401Z	 2957 Query	SELECT `q_text` FROM `Qamphiv2`.`questions` WHERE `id` = 1
2019-10-18T09:05:52.017796Z	 2957 Query	SELECT `q_text` FROM `Qamphiv2`.`questions` WHERE `id` = 3
2019-10-18T09:05:52.018171Z	 2957 Query	SELECT `q_text` FROM `Qamphiv2`.`questions` WHERE `id` = 1
2019-10-18T09:05:52.018540Z	 2957 Query	SELECT `q_text` FROM `Qamphiv2`.`questions` WHERE `id` = 1
2019-10-18T09:05:52.018913Z	 2957 Query	SELECT `q_text` FROM `Qamphiv2`.`questions` WHERE `id` = 2
2019-10-18T09:05:52.019317Z	 2957 Query	SELECT `q_text` FROM `Qamphiv2`.`questions` WHERE `id` = 2
2019-10-18T09:05:52.019777Z	 2957 Query	SELECT `q_text` FROM `Qamphiv2`.`questions` WHERE `id` = 3
2019-10-18T09:05:52.020272Z	 2957 Query	SHOW SESSION VARIABLES LIKE 'FOREIGN_KEY_CHECKS'
2019-10-18T09:05:52.021276Z	 2957 Query	SHOW  COLUMNS FROM `Qamphiv2`.`reponses`
2019-10-18T09:05:52.021696Z	 2957 Query	SELECT `PRIVILEGE_TYPE` FROM `INFORMATION_SCHEMA`.`USER_PRIVILEGES` WHERE GRANTEE='''root''@''%''' AND PRIVILEGE_TYPE='TRIGGER'
2019-10-18T09:05:52.022216Z	 2957 Query	SELECT `PRIVILEGE_TYPE` FROM `INFORMATION_SCHEMA`.`USER_PRIVILEGES` WHERE GRANTEE='''root''@''%''' AND PRIVILEGE_TYPE='TRIGGER'
2019-10-18T09:05:52.024219Z	 2958 Quit	
2019-10-18T09:05:52.024476Z	 2957 Quit	
2019-10-18T09:05:52.081571Z	 2959 Connect	root@172.17.0.3 on  using TCP/IP
2019-10-18T09:05:52.081819Z	 2959 Query	SELECT @@version, @@version_comment
2019-10-18T09:05:52.082081Z	 2959 Query	SET NAMES 'utf8mb4' COLLATE 'utf8mb4_general_ci'
2019-10-18T09:05:52.082298Z	 2959 Query	SET lc_messages = 'fr_FR'
2019-10-18T09:05:52.082892Z	 2960 Connect	root@172.17.0.3 on  using TCP/IP
2019-10-18T09:05:52.083181Z	 2959 Query	SELECT `SCHEMA_NAME` FROM `INFORMATION_SCHEMA`.`SCHEMATA`
2019-10-18T09:05:52.086035Z	 2959 Query	SET collation_connection = 'utf8mb4_unicode_ci'
2019-10-18T09:05:52.087644Z	 2960 Quit	
2019-10-18T09:05:52.087806Z	 2959 Quit	
2019-10-18T09:05:53.388506Z	 2961 Connect	root@172.17.0.3 on  using TCP/IP
2019-10-18T09:05:53.388747Z	 2961 Query	SELECT @@version, @@version_comment
2019-10-18T09:05:53.388992Z	 2961 Query	SET NAMES 'utf8mb4' COLLATE 'utf8mb4_general_ci'
2019-10-18T09:05:53.389190Z	 2961 Query	SET lc_messages = 'fr_FR'
2019-10-18T09:05:53.389805Z	 2962 Connect	root@172.17.0.3 on  using TCP/IP
2019-10-18T09:05:53.390018Z	 2962 Query	SHOW TABLES FROM `Qamphiv2`
2019-10-18T09:05:53.394360Z	 2961 Query	SELECT `SCHEMA_NAME` FROM `INFORMATION_SCHEMA`.`SCHEMATA`
2019-10-18T09:05:53.398182Z	 2961 Query	SET collation_connection = 'utf8mb4_unicode_ci'
2019-10-18T09:05:53.401911Z	 2961 Query	SHOW SESSION VARIABLES LIKE 'FOREIGN_KEY_CHECKS'
2019-10-18T09:05:53.403493Z	 2961 Query	SELECT DATABASE()
2019-10-18T09:05:53.403789Z	 2961 Init DB	Qamphiv2
2019-10-18T09:05:53.404043Z	 2961 Query	SELECT * FROM `questions` LIMIT 0, 25
2019-10-18T09:05:53.404437Z	 2961 Query	SHOW WARNINGS
2019-10-18T09:05:53.404681Z	 2961 Query	SELECT @@lower_case_table_names
2019-10-18T09:05:53.404920Z	 2961 Query	SELECT TABLE_NAME
            FROM information_schema.VIEWS
            WHERE TABLE_SCHEMA = 'Qamphiv2'
                AND TABLE_NAME = 'questions'
                AND IS_UPDATABLE = 'YES'
2019-10-18T09:05:53.405664Z	 2961 Query	SHOW  COLUMNS FROM `Qamphiv2`.`questions`
2019-10-18T09:05:53.405997Z	 2961 Query	SHOW INDEXES FROM `Qamphiv2`.`questions`
2019-10-18T09:05:53.406342Z	 2961 Query	SELECT TABLE_NAME
            FROM information_schema.VIEWS
            WHERE TABLE_SCHEMA = 'Qamphiv2'
                AND TABLE_NAME = 'questions'
2019-10-18T09:05:53.407066Z	 2961 Query	SHOW CREATE TABLE `Qamphiv2`.`questions`
2019-10-18T09:05:53.408120Z	 2961 Query	SELECT *,
                        `COLUMN_NAME`       AS `Field`,
                        `COLUMN_TYPE`       AS `Type`,
                        `COLLATION_NAME`    AS `Collation`,
                        `IS_NULLABLE`       AS `Null`,
                        `COLUMN_KEY`        AS `Key`,
                        `COLUMN_DEFAULT`    AS `Default`,
                        `EXTRA`             AS `Extra`,
                        `PRIVILEGES`        AS `Privileges`,
                        `COLUMN_COMMENT`    AS `Comment`
                   FROM `information_schema`.`COLUMNS`
 WHERE `TABLE_SCHEMA` = 'Qamphiv2'  AND `TABLE_NAME` = 'sessions'
2019-10-18T09:05:53.409301Z	 2961 Query	SELECT TABLE_NAME
            FROM information_schema.VIEWS
            WHERE TABLE_SCHEMA = 'Qamphiv2'
                AND TABLE_NAME = 'questions'
2019-10-18T09:05:53.409848Z	 2961 Query	SELECT TABLE_NAME
            FROM information_schema.VIEWS
            WHERE TABLE_SCHEMA = 'Qamphiv2'
                AND TABLE_NAME = 'questions'
2019-10-18T09:05:53.410160Z	 2961 Query	SELECT TABLE_NAME
            FROM information_schema.VIEWS
            WHERE TABLE_SCHEMA = 'Qamphiv2'
                AND TABLE_NAME = 'questions'
2019-10-18T09:05:53.410669Z	 2961 Query	SELECT *,
                `TABLE_SCHEMA`       AS `Db`,
                `TABLE_NAME`         AS `Name`,
                `TABLE_TYPE`         AS `TABLE_TYPE`,
                `ENGINE`             AS `Engine`,
                `ENGINE`             AS `Type`,
                `VERSION`            AS `Version`,
                `ROW_FORMAT`         AS `Row_format`,
                `TABLE_ROWS`         AS `Rows`,
                `AVG_ROW_LENGTH`     AS `Avg_row_length`,
                `DATA_LENGTH`        AS `Data_length`,
                `MAX_DATA_LENGTH`    AS `Max_data_length`,
                `INDEX_LENGTH`       AS `Index_length`,
                `DATA_FREE`          AS `Data_free`,
                `AUTO_INCREMENT`     AS `Auto_increment`,
                `CREATE_TIME`        AS `Create_time`,
                `UPDATE_TIME`        AS `Update_time`,
                `CHECK_TIME`         AS `Check_time`,
                `TABLE_COLLATION`    AS `Collation`,
                `CHECKSUM`           AS `Checksum`,
                `CREATE_OPTIONS`     AS `Create_options`,
                `TABLE_COMMENT`      AS `Comment`
            FROM `information_schema`.`TABLES` t
            WHERE `TABLE_SCHEMA` COLLATE utf8_bin
                IN ('Qamphiv2')
                AND t.`TABLE_NAME` COLLATE utf8_bin = 'questions' ORDER BY Name ASC
2019-10-18T09:05:53.424078Z	 2961 Query	SHOW FULL COLUMNS FROM `Qamphiv2`.`questions`
2019-10-18T09:05:53.425535Z	 2961 Query	SELECT `title` FROM `Qamphiv2`.`sessions` WHERE `id` = 1
2019-10-18T09:05:53.426781Z	 2961 Query	SELECT `title` FROM `Qamphiv2`.`sessions` WHERE `id` = 1
2019-10-18T09:05:53.427241Z	 2961 Query	SELECT `title` FROM `Qamphiv2`.`sessions` WHERE `id` = 1
2019-10-18T09:05:53.428175Z	 2961 Query	SELECT `title` FROM `Qamphiv2`.`sessions` WHERE `id` = 9
2019-10-18T09:05:53.428750Z	 2961 Query	SELECT `title` FROM `Qamphiv2`.`sessions` WHERE `id` = 9
2019-10-18T09:05:53.429274Z	 2961 Query	SHOW SESSION VARIABLES LIKE 'FOREIGN_KEY_CHECKS'
2019-10-18T09:05:53.430314Z	 2961 Query	SHOW  COLUMNS FROM `Qamphiv2`.`questions`
2019-10-18T09:05:53.430763Z	 2961 Query	SELECT `PRIVILEGE_TYPE` FROM `INFORMATION_SCHEMA`.`USER_PRIVILEGES` WHERE GRANTEE='''root''@''%''' AND PRIVILEGE_TYPE='TRIGGER'
2019-10-18T09:05:53.431333Z	 2961 Query	SELECT `PRIVILEGE_TYPE` FROM `INFORMATION_SCHEMA`.`USER_PRIVILEGES` WHERE GRANTEE='''root''@''%''' AND PRIVILEGE_TYPE='TRIGGER'
2019-10-18T09:05:53.433013Z	 2962 Quit	
2019-10-18T09:05:53.433105Z	 2961 Quit	
2019-10-18T09:05:53.536384Z	 2963 Connect	root@172.17.0.3 on  using TCP/IP
2019-10-18T09:05:53.536714Z	 2963 Query	SELECT @@version, @@version_comment
2019-10-18T09:05:53.537053Z	 2963 Query	SET NAMES 'utf8mb4' COLLATE 'utf8mb4_general_ci'
2019-10-18T09:05:53.537241Z	 2963 Query	SET lc_messages = 'fr_FR'
2019-10-18T09:05:53.537897Z	 2964 Connect	root@172.17.0.3 on  using TCP/IP
2019-10-18T09:05:53.538164Z	 2963 Query	SELECT `SCHEMA_NAME` FROM `INFORMATION_SCHEMA`.`SCHEMATA`
2019-10-18T09:05:53.540835Z	 2963 Query	SET collation_connection = 'utf8mb4_unicode_ci'
2019-10-18T09:05:53.542604Z	 2964 Quit	
2019-10-18T09:05:53.542763Z	 2963 Quit	
2019-10-18T09:05:54.384193Z	 2965 Connect	root@172.17.0.3 on  using TCP/IP
2019-10-18T09:05:54.384463Z	 2965 Query	SELECT @@version, @@version_comment
2019-10-18T09:05:54.384763Z	 2965 Query	SET NAMES 'utf8mb4' COLLATE 'utf8mb4_general_ci'
2019-10-18T09:05:54.384978Z	 2965 Query	SET lc_messages = 'fr_FR'
2019-10-18T09:05:54.385691Z	 2966 Connect	root@172.17.0.3 on  using TCP/IP
2019-10-18T09:05:54.385966Z	 2966 Query	SHOW TABLES FROM `Qamphiv2`
2019-10-18T09:05:54.388307Z	 2965 Query	SELECT `SCHEMA_NAME` FROM `INFORMATION_SCHEMA`.`SCHEMATA`
2019-10-18T09:05:54.391140Z	 2965 Query	SET collation_connection = 'utf8mb4_unicode_ci'
2019-10-18T09:05:54.391461Z	 2965 Init DB	Qamphiv2
2019-10-18T09:05:54.391683Z	 2965 Query	SELECT @@lower_case_table_names
2019-10-18T09:05:54.392455Z	 2965 Query	SELECT *,
                `TABLE_SCHEMA`       AS `Db`,
                `TABLE_NAME`         AS `Name`,
                `TABLE_TYPE`         AS `TABLE_TYPE`,
                `ENGINE`             AS `Engine`,
                `ENGINE`             AS `Type`,
                `VERSION`            AS `Version`,
                `ROW_FORMAT`         AS `Row_format`,
                `TABLE_ROWS`         AS `Rows`,
                `AVG_ROW_LENGTH`     AS `Avg_row_length`,
                `DATA_LENGTH`        AS `Data_length`,
                `MAX_DATA_LENGTH`    AS `Max_data_length`,
                `INDEX_LENGTH`       AS `Index_length`,
                `DATA_FREE`          AS `Data_free`,
                `AUTO_INCREMENT`     AS `Auto_increment`,
                `CREATE_TIME`        AS `Create_time`,
                `UPDATE_TIME`        AS `Update_time`,
                `CHECK_TIME`         AS `Check_time`,
                `TABLE_COLLATION`    AS `Collation`,
                `CHECKSUM`           AS `Checksum`,
                `CREATE_OPTIONS`     AS `Create_options`,
                `TABLE_COMMENT`      AS `Comment`
            FROM `information_schema`.`TABLES` t
            WHERE `TABLE_SCHEMA` COLLATE utf8_bin
                IN ('Qamphiv2')
                AND t.`TABLE_NAME` COLLATE utf8_bin = 'questions' ORDER BY Name ASC
2019-10-18T09:05:54.405362Z	 2965 Query	SELECT *,
                `TABLE_SCHEMA`       AS `Db`,
                `TABLE_NAME`         AS `Name`,
                `TABLE_TYPE`         AS `TABLE_TYPE`,
                `ENGINE`             AS `Engine`,
                `ENGINE`             AS `Type`,
                `VERSION`            AS `Version`,
                `ROW_FORMAT`         AS `Row_format`,
                `TABLE_ROWS`         AS `Rows`,
                `AVG_ROW_LENGTH`     AS `Avg_row_length`,
                `DATA_LENGTH`        AS `Data_length`,
                `MAX_DATA_LENGTH`    AS `Max_data_length`,
                `INDEX_LENGTH`       AS `Index_length`,
                `DATA_FREE`          AS `Data_free`,
                `AUTO_INCREMENT`     AS `Auto_increment`,
                `CREATE_TIME`        AS `Create_time`,
                `UPDATE_TIME`        AS `Update_time`,
                `CHECK_TIME`         AS `Check_time`,
                `TABLE_COLLATION`    AS `Collation`,
                `CHECKSUM`           AS `Checksum`,
                `CREATE_OPTIONS`     AS `Create_options`,
                `TABLE_COMMENT`      AS `Comment`
            FROM `information_schema`.`TABLES` t
            WHERE `TABLE_SCHEMA` COLLATE utf8_bin
                IN ('Qamphiv2')
                AND t.`TABLE_NAME` COLLATE utf8_bin = 'questions' ORDER BY Name ASC
2019-10-18T09:05:54.420055Z	 2965 Init DB	Qamphiv2
2019-10-18T09:05:54.420314Z	 2965 Query	SHOW INDEXES FROM `Qamphiv2`.`questions`
2019-10-18T09:05:54.420675Z	 2965 Query	SHOW FULL COLUMNS FROM `Qamphiv2`.`questions`
2019-10-18T09:05:54.421431Z	 2965 Query	SHOW FULL COLUMNS FROM `Qamphiv2`.`questions`
2019-10-18T09:05:54.422283Z	 2965 Query	SHOW PLUGINS
2019-10-18T09:05:54.422714Z	 2965 Query	SELECT DISTINCT `PARTITION_NAME` FROM `information_schema`.`PARTITIONS` WHERE `TABLE_SCHEMA` = 'Qamphiv2' AND `TABLE_NAME` = 'questions'
2019-10-18T09:05:54.425823Z	 2965 Query	SHOW  COLUMNS FROM `Qamphiv2`.`questions`
2019-10-18T09:05:54.426871Z	 2965 Query	SELECT `PRIVILEGE_TYPE` FROM `INFORMATION_SCHEMA`.`USER_PRIVILEGES` WHERE GRANTEE='''root''@''%''' AND PRIVILEGE_TYPE='TRIGGER'
2019-10-18T09:05:54.428041Z	 2965 Query	SELECT `PRIVILEGE_TYPE` FROM `INFORMATION_SCHEMA`.`USER_PRIVILEGES` WHERE GRANTEE='''root''@''%''' AND PRIVILEGE_TYPE='TRIGGER'
2019-10-18T09:05:54.429980Z	 2966 Quit	
2019-10-18T09:05:54.430184Z	 2965 Quit	
2019-10-18T09:05:54.481503Z	 2967 Connect	root@172.17.0.3 on  using TCP/IP
2019-10-18T09:05:54.481743Z	 2967 Query	SELECT @@version, @@version_comment
2019-10-18T09:05:54.482007Z	 2967 Query	SET NAMES 'utf8mb4' COLLATE 'utf8mb4_general_ci'
2019-10-18T09:05:54.482210Z	 2967 Query	SET lc_messages = 'fr_FR'
2019-10-18T09:05:54.482844Z	 2968 Connect	root@172.17.0.3 on  using TCP/IP
2019-10-18T09:05:54.483166Z	 2967 Query	SELECT `SCHEMA_NAME` FROM `INFORMATION_SCHEMA`.`SCHEMATA`
2019-10-18T09:05:54.486335Z	 2967 Query	SET collation_connection = 'utf8mb4_unicode_ci'
2019-10-18T09:05:54.487901Z	 2967 Quit	
2019-10-18T09:05:54.488069Z	 2968 Quit	
2019-10-18T09:05:55.278286Z	 2969 Connect	root@172.17.0.3 on  using TCP/IP
2019-10-18T09:05:55.278499Z	 2969 Query	SELECT @@version, @@version_comment
2019-10-18T09:05:55.278740Z	 2969 Query	SET NAMES 'utf8mb4' COLLATE 'utf8mb4_general_ci'
2019-10-18T09:05:55.278895Z	 2969 Query	SET lc_messages = 'fr_FR'
2019-10-18T09:05:55.279410Z	 2970 Connect	root@172.17.0.3 on  using TCP/IP
2019-10-18T09:05:55.279628Z	 2970 Query	SHOW TABLES FROM `Qamphiv2`
2019-10-18T09:05:55.282071Z	 2969 Query	SELECT `SCHEMA_NAME` FROM `INFORMATION_SCHEMA`.`SCHEMATA`
2019-10-18T09:05:55.285261Z	 2969 Query	SET collation_connection = 'utf8mb4_unicode_ci'
2019-10-18T09:05:55.285590Z	 2969 Query	SELECT @@lower_case_table_names
2019-10-18T09:05:55.285861Z	 2969 Query	SELECT *,
                `TABLE_SCHEMA`       AS `Db`,
                `TABLE_NAME`         AS `Name`,
                `TABLE_TYPE`         AS `TABLE_TYPE`,
                `ENGINE`             AS `Engine`,
                `ENGINE`             AS `Type`,
                `VERSION`            AS `Version`,
                `ROW_FORMAT`         AS `Row_format`,
                `TABLE_ROWS`         AS `Rows`,
                `AVG_ROW_LENGTH`     AS `Avg_row_length`,
                `DATA_LENGTH`        AS `Data_length`,
                `MAX_DATA_LENGTH`    AS `Max_data_length`,
                `INDEX_LENGTH`       AS `Index_length`,
                `DATA_FREE`          AS `Data_free`,
                `AUTO_INCREMENT`     AS `Auto_increment`,
                `CREATE_TIME`        AS `Create_time`,
                `UPDATE_TIME`        AS `Update_time`,
                `CHECK_TIME`         AS `Check_time`,
                `TABLE_COLLATION`    AS `Collation`,
                `CHECKSUM`           AS `Checksum`,
                `CREATE_OPTIONS`     AS `Create_options`,
                `TABLE_COMMENT`      AS `Comment`
            FROM `information_schema`.`TABLES` t
            WHERE `TABLE_SCHEMA` COLLATE utf8_bin
                IN ('Qamphiv2')
                AND t.`TABLE_NAME` COLLATE utf8_bin = 'questions' ORDER BY Name ASC
2019-10-18T09:05:55.301979Z	 2969 Query	SHOW CREATE TABLE `Qamphiv2`.`questions`
2019-10-18T09:05:55.303224Z	 2969 Init DB	Qamphiv2
2019-10-18T09:05:55.304033Z	 2969 Query	SHOW  COLUMNS FROM `Qamphiv2`.`questions`
2019-10-18T09:05:55.304432Z	 2969 Query	SHOW INDEXES FROM `Qamphiv2`.`questions`
2019-10-18T09:05:55.304867Z	 2969 Query	SHOW INDEXES FROM `Qamphiv2`.`sessions` WHERE (Non_unique = 0)
2019-10-18T09:05:55.305687Z	 2969 Query	SHOW TABLE STATUS FROM `Qamphiv2`
2019-10-18T09:05:55.307892Z	 2969 Query	SHOW  COLUMNS FROM `Qamphiv2`.`questions`
2019-10-18T09:05:55.308782Z	 2969 Query	SELECT `PRIVILEGE_TYPE` FROM `INFORMATION_SCHEMA`.`USER_PRIVILEGES` WHERE GRANTEE='''root''@''%''' AND PRIVILEGE_TYPE='TRIGGER'
2019-10-18T09:05:55.310257Z	 2969 Query	SELECT `PRIVILEGE_TYPE` FROM `INFORMATION_SCHEMA`.`USER_PRIVILEGES` WHERE GRANTEE='''root''@''%''' AND PRIVILEGE_TYPE='TRIGGER'
2019-10-18T09:05:55.311319Z	 2970 Quit	
2019-10-18T09:05:55.311464Z	 2969 Quit	
2019-10-18T09:05:55.348919Z	 2971 Connect	root@172.17.0.3 on  using TCP/IP
2019-10-18T09:05:55.349110Z	 2971 Query	SELECT @@version, @@version_comment
2019-10-18T09:05:55.349322Z	 2971 Query	SET NAMES 'utf8mb4' COLLATE 'utf8mb4_general_ci'
2019-10-18T09:05:55.349514Z	 2971 Query	SET lc_messages = 'fr_FR'
2019-10-18T09:05:55.350084Z	 2972 Connect	root@172.17.0.3 on  using TCP/IP
2019-10-18T09:05:55.350354Z	 2971 Query	SELECT `SCHEMA_NAME` FROM `INFORMATION_SCHEMA`.`SCHEMATA`
2019-10-18T09:05:55.353676Z	 2971 Query	SET collation_connection = 'utf8mb4_unicode_ci'
2019-10-18T09:05:55.355354Z	 2971 Quit	
2019-10-18T09:05:55.355717Z	 2972 Quit	
2019-10-18T09:06:16.503299Z	 2973 Connect	root@172.17.0.3 on  using TCP/IP
2019-10-18T09:06:16.503538Z	 2973 Query	SELECT @@version, @@version_comment
2019-10-18T09:06:16.503802Z	 2973 Query	SET NAMES 'utf8mb4' COLLATE 'utf8mb4_general_ci'
2019-10-18T09:06:16.504003Z	 2973 Query	SET lc_messages = 'fr_FR'
2019-10-18T09:06:16.504567Z	 2974 Connect	root@172.17.0.3 on  using TCP/IP
2019-10-18T09:06:16.504817Z	 2974 Query	SHOW TABLES FROM `Qamphiv2`
2019-10-18T09:06:16.507639Z	 2973 Query	SELECT `SCHEMA_NAME` FROM `INFORMATION_SCHEMA`.`SCHEMATA`
2019-10-18T09:06:16.512737Z	 2973 Query	SET collation_connection = 'utf8mb4_unicode_ci'
2019-10-18T09:06:16.512951Z	 2973 Query	SELECT @@lower_case_table_names
2019-10-18T09:06:16.513196Z	 2973 Init DB	Qamphiv2
2019-10-18T09:06:16.513361Z	 2973 Query	SHOW TABLES LIKE 'questions'
2019-10-18T09:06:16.515190Z	 2973 Init DB	Qamphiv2
2019-10-18T09:06:16.515420Z	 2973 Query	SELECT *,
                `TABLE_SCHEMA`       AS `Db`,
                `TABLE_NAME`         AS `Name`,
                `TABLE_TYPE`         AS `TABLE_TYPE`,
                `ENGINE`             AS `Engine`,
                `ENGINE`             AS `Type`,
                `VERSION`            AS `Version`,
                `ROW_FORMAT`         AS `Row_format`,
                `TABLE_ROWS`         AS `Rows`,
                `AVG_ROW_LENGTH`     AS `Avg_row_length`,
                `DATA_LENGTH`        AS `Data_length`,
                `MAX_DATA_LENGTH`    AS `Max_data_length`,
                `INDEX_LENGTH`       AS `Index_length`,
                `DATA_FREE`          AS `Data_free`,
                `AUTO_INCREMENT`     AS `Auto_increment`,
                `CREATE_TIME`        AS `Create_time`,
                `UPDATE_TIME`        AS `Update_time`,
                `CHECK_TIME`         AS `Check_time`,
                `TABLE_COLLATION`    AS `Collation`,
                `CHECKSUM`           AS `Checksum`,
                `CREATE_OPTIONS`     AS `Create_options`,
                `TABLE_COMMENT`      AS `Comment`
            FROM `information_schema`.`TABLES` t
            WHERE `TABLE_SCHEMA` COLLATE utf8_bin
                IN ('Qamphiv2')
                AND t.`TABLE_NAME` COLLATE utf8_bin = 'questions' ORDER BY Name ASC
2019-10-18T09:06:16.530566Z	 2973 Query	SELECT *,
                `TABLE_SCHEMA`       AS `Db`,
                `TABLE_NAME`         AS `Name`,
                `TABLE_TYPE`         AS `TABLE_TYPE`,
                `ENGINE`             AS `Engine`,
                `ENGINE`             AS `Type`,
                `VERSION`            AS `Version`,
                `ROW_FORMAT`         AS `Row_format`,
                `TABLE_ROWS`         AS `Rows`,
                `AVG_ROW_LENGTH`     AS `Avg_row_length`,
                `DATA_LENGTH`        AS `Data_length`,
                `MAX_DATA_LENGTH`    AS `Max_data_length`,
                `INDEX_LENGTH`       AS `Index_length`,
                `DATA_FREE`          AS `Data_free`,
                `AUTO_INCREMENT`     AS `Auto_increment`,
                `CREATE_TIME`        AS `Create_time`,
                `UPDATE_TIME`        AS `Update_time`,
                `CHECK_TIME`         AS `Check_time`,
                `TABLE_COLLATION`    AS `Collation`,
                `CHECKSUM`           AS `Checksum`,
                `CREATE_OPTIONS`     AS `Create_options`,
                `TABLE_COMMENT`      AS `Comment`
            FROM `information_schema`.`TABLES` t
            WHERE `TABLE_SCHEMA` COLLATE utf8_bin
                IN ('Qamphiv2')
                AND t.`TABLE_NAME` COLLATE utf8_bin = 'questions' ORDER BY Name ASC
2019-10-18T09:06:16.539896Z	 2973 Query	SHOW  COLUMNS FROM `Qamphiv2`.`questions`
2019-10-18T09:06:16.540445Z	 2973 Query	SHOW INDEXES FROM `Qamphiv2`.`questions`
2019-10-18T09:06:16.542698Z	 2973 Query	SHOW STORAGE ENGINES
2019-10-18T09:06:16.542970Z	 2973 Query	SELECT @@disabled_storage_engines
2019-10-18T09:06:16.543224Z	 2973 Query	SELECT `CHARACTER_SET_NAME` AS `Charset`, `DESCRIPTION` AS `Description` FROM `information_schema`.`CHARACTER_SETS`
2019-10-18T09:06:16.543467Z	 2973 Query	SELECT `CHARACTER_SET_NAME` AS `Charset`, `COLLATION_NAME` AS `Collation`, `IS_DEFAULT` AS `Default` FROM `information_schema`.`COLLATIONS`
2019-10-18T09:06:16.546163Z	 2973 Query	SELECT @@innodb_version
2019-10-18T09:06:16.546378Z	 2973 Query	SHOW GLOBAL VARIABLES LIKE 'innodb_file_format'
2019-10-18T09:06:16.547842Z	 2973 Query	SHOW GLOBAL VARIABLES LIKE 'innodb_file_per_table'
2019-10-18T09:06:16.549308Z	 2973 Query	SHOW CREATE TABLE `Qamphiv2`.`questions`
2019-10-18T09:06:16.550715Z	 2973 Query	SHOW PLUGINS
2019-10-18T09:06:16.551157Z	 2973 Query	SELECT DISTINCT `PARTITION_NAME` FROM `information_schema`.`PARTITIONS` WHERE `TABLE_SCHEMA` = 'Qamphiv2' AND `TABLE_NAME` = 'questions'
2019-10-18T09:06:16.551580Z	 2973 Query	SHOW  COLUMNS FROM `Qamphiv2`.`questions`
2019-10-18T09:06:16.551988Z	 2973 Query	SELECT `PRIVILEGE_TYPE` FROM `INFORMATION_SCHEMA`.`USER_PRIVILEGES` WHERE GRANTEE='''root''@''%''' AND PRIVILEGE_TYPE='TRIGGER'
2019-10-18T09:06:16.552626Z	 2973 Query	SELECT `PRIVILEGE_TYPE` FROM `INFORMATION_SCHEMA`.`USER_PRIVILEGES` WHERE GRANTEE='''root''@''%''' AND PRIVILEGE_TYPE='TRIGGER'
2019-10-18T09:06:16.554080Z	 2974 Quit	
2019-10-18T09:06:16.554304Z	 2973 Quit	
2019-10-18T09:06:16.585543Z	 2975 Connect	root@172.17.0.3 on  using TCP/IP
2019-10-18T09:06:16.585806Z	 2975 Query	SELECT @@version, @@version_comment
2019-10-18T09:06:16.586157Z	 2975 Query	SET NAMES 'utf8mb4' COLLATE 'utf8mb4_general_ci'
2019-10-18T09:06:16.586367Z	 2975 Query	SET lc_messages = 'fr_FR'
2019-10-18T09:06:16.587060Z	 2976 Connect	root@172.17.0.3 on  using TCP/IP
2019-10-18T09:06:16.587410Z	 2975 Query	SELECT `SCHEMA_NAME` FROM `INFORMATION_SCHEMA`.`SCHEMATA`
2019-10-18T09:06:16.590425Z	 2975 Query	SET collation_connection = 'utf8mb4_unicode_ci'
2019-10-18T09:06:16.592159Z	 2975 Quit	
2019-10-18T09:06:16.592288Z	 2976 Quit	
2019-10-18T09:08:47.641137Z	 2906 Quit	
